This is pdfTeX, Version 3.14159265-2.6-1.40.20 (TeX Live 2019) (preloaded format=pdflatex 2019.8.19)  8 SEP 2019 00:10
entering extended mode
 restricted \write18 enabled.
 %&-line parsing enabled.
**difgem.tex
(./difgem.tex
LaTeX2e <2018-12-01>
! Undefined control sequence.
l.1 \section
            {–î–∏—Ñ—Ñ–µ—Ä–µ–Ω—Ü–∏–∞–ª—å–Ω–∞—è –≥–µ–æ–º–µ—Ç—Ä–∏—è}
The control sequence at the end of the top line
of your error message was never \def'ed. If you have
misspelled it (e.g., `\hobx'), type `I' and the correct
spelling (e.g., `I\hbox'). Otherwise just continue,
and I'll forget about whatever was undefined.


! Package inputenc Error: Unicode character –î (U+0414)
(inputenc)                not set up for use with LaTeX.

See the inputenc package documentation for explanation.
Type  H <return>  for immediate help.
 ...                                              
                                                  
l.1 \section{–î
               –∏—Ñ—Ñ–µ—Ä–µ–Ω—Ü–∏–∞–ª—å–Ω–∞—è –≥–µ–æ–º–µ—Ç—Ä–∏—è}
You may provide a definition with
\DeclareUnicodeCharacter 


! Package inputenc Error: Unicode character –∏ (U+0438)
(inputenc)                not set up for use with LaTeX.

See the inputenc package documentation for explanation.
Type  H <return>  for immediate help.
 ...                                              
                                                  
l.1 \section{–î–∏
                 —Ñ—Ñ–µ—Ä–µ–Ω—Ü–∏–∞–ª—å–Ω–∞—è –≥–µ–æ–º–µ—Ç—Ä–∏—è}
You may provide a definition with
\DeclareUnicodeCharacter 


! Package inputenc Error: Unicode character —Ñ (U+0444)
(inputenc)                not set up for use with LaTeX.

See the inputenc package documentation for explanation.
Type  H <return>  for immediate help.
 ...                                              
                                                  
l.1 \section{–î–∏—Ñ
                   —Ñ–µ—Ä–µ–Ω—Ü–∏–∞–ª—å–Ω–∞—è –≥–µ–æ–º–µ—Ç—Ä–∏—è}
You may provide a definition with
\DeclareUnicodeCharacter 


! Package inputenc Error: Unicode character —Ñ (U+0444)
(inputenc)                not set up for use with LaTeX.

See the inputenc package documentation for explanation.
Type  H <return>  for immediate help.
 ...                                              
                                                  
l.1 \section{–î–∏—Ñ—Ñ
                     –µ—Ä–µ–Ω—Ü–∏–∞–ª—å–Ω–∞—è –≥–µ–æ–º–µ—Ç—Ä–∏—è}
You may provide a definition with
\DeclareUnicodeCharacter 


! Package inputenc Error: Unicode character –µ (U+0435)
(inputenc)                not set up for use with LaTeX.

See the inputenc package documentation for explanation.
Type  H <return>  for immediate help.
 ...                                              
                                                  
l.1 \section{–î–∏—Ñ—Ñ–µ
                       —Ä–µ–Ω—Ü–∏–∞–ª—å–Ω–∞—è –≥–µ–æ–º–µ—Ç—Ä–∏—è}
You may provide a definition with
\DeclareUnicodeCharacter 


! Package inputenc Error: Unicode character —Ä (U+0440)
(inputenc)                not set up for use with LaTeX.

See the inputenc package documentation for explanation.
Type  H <return>  for immediate help.
 ...                                              
                                                  
l.1 \section{–î–∏—Ñ—Ñ–µ—Ä
                         –µ–Ω—Ü–∏–∞–ª—å–Ω–∞—è –≥–µ–æ–º–µ—Ç—Ä–∏—è}
You may provide a definition with
\DeclareUnicodeCharacter 


! Package inputenc Error: Unicode character –µ (U+0435)
(inputenc)                not set up for use with LaTeX.

See the inputenc package documentation for explanation.
Type  H <return>  for immediate help.
 ...                                              
                                                  
l.1 \section{–î–∏—Ñ—Ñ–µ—Ä–µ
                           –Ω—Ü–∏–∞–ª—å–Ω–∞—è –≥–µ–æ–º–µ—Ç—Ä–∏—è}
You may provide a definition with
\DeclareUnicodeCharacter 


! Package inputenc Error: Unicode character –Ω (U+043D)
(inputenc)                not set up for use with LaTeX.

See the inputenc package documentation for explanation.
Type  H <return>  for immediate help.
 ...                                              
                                                  
l.1 \section{–î–∏—Ñ—Ñ–µ—Ä–µ–Ω
                             —Ü–∏–∞–ª—å–Ω–∞—è –≥–µ–æ–º–µ—Ç—Ä–∏—è}
You may provide a definition with
\DeclareUnicodeCharacter 


! Package inputenc Error: Unicode character —Ü (U+0446)
(inputenc)                not set up for use with LaTeX.

See the inputenc package documentation for explanation.
Type  H <return>  for immediate help.
 ...                                              
                                                  
l.1 \section{–î–∏—Ñ—Ñ–µ—Ä–µ–Ω—Ü
                               –∏–∞–ª—å–Ω–∞—è –≥–µ–æ–º–µ—Ç—Ä–∏—è}
You may provide a definition with
\DeclareUnicodeCharacter 


! Package inputenc Error: Unicode character –∏ (U+0438)
(inputenc)                not set up for use with LaTeX.

See the inputenc package documentation for explanation.
Type  H <return>  for immediate help.
 ...                                              
                                                  
l.1 \section{–î–∏—Ñ—Ñ–µ—Ä–µ–Ω—Ü–∏
                                 –∞–ª—å–Ω–∞—è –≥–µ–æ–º–µ—Ç—Ä–∏—è}
You may provide a definition with
\DeclareUnicodeCharacter 


! Package inputenc Error: Unicode character –∞ (U+0430)
(inputenc)                not set up for use with LaTeX.

See the inputenc package documentation for explanation.
Type  H <return>  for immediate help.
 ...                                              
                                                  
l.1 \section{–î–∏—Ñ—Ñ–µ—Ä–µ–Ω—Ü–∏–∞
                                   –ª—å–Ω–∞—è –≥–µ–æ–º–µ—Ç—Ä–∏—è}
You may provide a definition with
\DeclareUnicodeCharacter 


! Package inputenc Error: Unicode character –ª (U+043B)
(inputenc)                not set up for use with LaTeX.

See the inputenc package documentation for explanation.
Type  H <return>  for immediate help.
 ...                                              
                                                  
l.1 \section{–î–∏—Ñ—Ñ–µ—Ä–µ–Ω—Ü–∏–∞–ª
                                     —å–Ω–∞—è –≥–µ–æ–º–µ—Ç—Ä–∏—è}
You may provide a definition with
\DeclareUnicodeCharacter 


! Package inputenc Error: Unicode character —å (U+044C)
(inputenc)                not set up for use with LaTeX.

See the inputenc package documentation for explanation.
Type  H <return>  for immediate help.
 ...                                              
                                                  
l.1 \section{–î–∏—Ñ—Ñ–µ—Ä–µ–Ω—Ü–∏–∞–ª—å
                                       –Ω–∞—è –≥–µ–æ–º–µ—Ç—Ä–∏—è}
You may provide a definition with
\DeclareUnicodeCharacter 


! Package inputenc Error: Unicode character –Ω (U+043D)
(inputenc)                not set up for use with LaTeX.

See the inputenc package documentation for explanation.
Type  H <return>  for immediate help.
 ...                                              
                                                  
l.1 \section{–î–∏—Ñ—Ñ–µ—Ä–µ–Ω—Ü–∏–∞–ª—å–Ω
                                         –∞—è –≥–µ–æ–º–µ—Ç—Ä–∏—è}
You may provide a definition with
\DeclareUnicodeCharacter 


! Package inputenc Error: Unicode character –∞ (U+0430)
(inputenc)                not set up for use with LaTeX.

See the inputenc package documentation for explanation.
Type  H <return>  for immediate help.
 ...                                              
                                                  
l.1 \section{–î–∏—Ñ—Ñ–µ—Ä–µ–Ω—Ü–∏–∞–ª—å–Ω–∞
                                           —è –≥–µ–æ–º–µ—Ç—Ä–∏—è}
You may provide a definition with
\DeclareUnicodeCharacter 


! Package inputenc Error: Unicode character —è (U+044F)
(inputenc)                not set up for use with LaTeX.

See the inputenc package documentation for explanation.
Type  H <return>  for immediate help.
 ...                                              
                                                  
l.1 \section{–î–∏—Ñ—Ñ–µ—Ä–µ–Ω—Ü–∏–∞–ª—å–Ω–∞—è
                                              –≥–µ–æ–º–µ—Ç—Ä–∏—è}
You may provide a definition with
\DeclareUnicodeCharacter 


! Package inputenc Error: Unicode character –≥ (U+0433)
(inputenc)                not set up for use with LaTeX.

See the inputenc package documentation for explanation.
Type  H <return>  for immediate help.
 ...                                              
                                                  
l.1 \section{–î–∏—Ñ—Ñ–µ—Ä–µ–Ω—Ü–∏–∞–ª—å–Ω–∞—è –≥
                                                –µ–æ–º–µ—Ç—Ä–∏—è}
You may provide a definition with
\DeclareUnicodeCharacter 


! Package inputenc Error: Unicode character –µ (U+0435)
(inputenc)                not set up for use with LaTeX.

See the inputenc package documentation for explanation.
Type  H <return>  for immediate help.
 ...                                              
                                                  
l.1 \section{–î–∏—Ñ—Ñ–µ—Ä–µ–Ω—Ü–∏–∞–ª—å–Ω–∞—è –≥–µ
                                                  –æ–º–µ—Ç—Ä–∏—è}
You may provide a definition with
\DeclareUnicodeCharacter 


! Package inputenc Error: Unicode character –æ (U+043E)
(inputenc)                not set up for use with LaTeX.

See the inputenc package documentation for explanation.
Type  H <return>  for immediate help.
 ...                                              
                                                  
l.1 ...ion{–î–∏—Ñ—Ñ–µ—Ä–µ–Ω—Ü–∏–∞–ª—å–Ω–∞—è –≥–µ–æ
                                                  –º–µ—Ç—Ä–∏—è}
You may provide a definition with
\DeclareUnicodeCharacter 


! Package inputenc Error: Unicode character –º (U+043C)
(inputenc)                not set up for use with LaTeX.

See the inputenc package documentation for explanation.
Type  H <return>  for immediate help.
 ...                                              
                                                  
l.1 ...n{–î–∏—Ñ—Ñ–µ—Ä–µ–Ω—Ü–∏–∞–ª—å–Ω–∞—è –≥–µ–æ–º
                                                  –µ—Ç—Ä–∏—è}
You may provide a definition with
\DeclareUnicodeCharacter 


! Package inputenc Error: Unicode character –µ (U+0435)
(inputenc)                not set up for use with LaTeX.

See the inputenc package documentation for explanation.
Type  H <return>  for immediate help.
 ...                                              
                                                  
l.1 ...–î–∏—Ñ—Ñ–µ—Ä–µ–Ω—Ü–∏–∞–ª—å–Ω–∞—è –≥–µ–æ–º–µ
                                                  —Ç—Ä–∏—è}
You may provide a definition with
\DeclareUnicodeCharacter 


! Package inputenc Error: Unicode character —Ç (U+0442)
(inputenc)                not set up for use with LaTeX.

See the inputenc package documentation for explanation.
Type  H <return>  for immediate help.
 ...                                              
                                                  
l.1 ...–∏—Ñ—Ñ–µ—Ä–µ–Ω—Ü–∏–∞–ª—å–Ω–∞—è –≥–µ–æ–º–µ—Ç
                                                  —Ä–∏—è}
You may provide a definition with
\DeclareUnicodeCharacter 


! Package inputenc Error: Unicode character —Ä (U+0440)
(inputenc)                not set up for use with LaTeX.

See the inputenc package documentation for explanation.
Type  H <return>  for immediate help.
 ...                                              
                                                  
l.1 ...—Ñ—Ñ–µ—Ä–µ–Ω—Ü–∏–∞–ª—å–Ω–∞—è –≥–µ–æ–º–µ—Ç—Ä
                                                  –∏—è}
You may provide a definition with
\DeclareUnicodeCharacter 


! Package inputenc Error: Unicode character –∏ (U+0438)
(inputenc)                not set up for use with LaTeX.

See the inputenc package documentation for explanation.
Type  H <return>  for immediate help.
 ...                                              
                                                  
l.1 ...—Ñ–µ—Ä–µ–Ω—Ü–∏–∞–ª—å–Ω–∞—è –≥–µ–æ–º–µ—Ç—Ä–∏
                                                  —è}
You may provide a definition with
\DeclareUnicodeCharacter 


! Package inputenc Error: Unicode character —è (U+044F)
(inputenc)                not set up for use with LaTeX.

See the inputenc package documentation for explanation.
Type  H <return>  for immediate help.
 ...                                              
                                                  
l.1 ...–µ—Ä–µ–Ω—Ü–∏–∞–ª—å–Ω–∞—è –≥–µ–æ–º–µ—Ç—Ä–∏—è
                                                  }
You may provide a definition with
\DeclareUnicodeCharacter 

! Undefined control sequence.
l.2 \subsection
               {–ú–Ω–æ–≥–æ–æ–±—Ä–∞–∑–∏—è –∏ –≥–ª–∞–¥–∫–∏–µ –æ—Ç–æ–±—Ä–∞–∂–µ–...
The control sequence at the end of the top line
of your error message was never \def'ed. If you have
misspelled it (e.g., `\hobx'), type `I' and the correct
spelling (e.g., `I\hbox'). Otherwise just continue,
and I'll forget about whatever was undefined.


! Package inputenc Error: Unicode character –ú (U+041C)
(inputenc)                not set up for use with LaTeX.

See the inputenc package documentation for explanation.
Type  H <return>  for immediate help.
 ...                                              
                                                  
l.2 \subsection{–ú
                  –Ω–æ–≥–æ–æ–±—Ä–∞–∑–∏—è –∏ –≥–ª–∞–¥–∫–∏–µ –æ—Ç–æ–±—Ä–∞–∂–µ–...

You may provide a definition with
\DeclareUnicodeCharacter 


! Package inputenc Error: Unicode character –Ω (U+043D)
(inputenc)                not set up for use with LaTeX.

See the inputenc package documentation for explanation.
Type  H <return>  for immediate help.
 ...                                              
                                                  
l.2 \subsection{–ú–Ω
                    –æ–≥–æ–æ–±—Ä–∞–∑–∏—è –∏ –≥–ª–∞–¥–∫–∏–µ –æ—Ç–æ–±—Ä–∞–∂–µ–...

You may provide a definition with
\DeclareUnicodeCharacter 


! Package inputenc Error: Unicode character –æ (U+043E)
(inputenc)                not set up for use with LaTeX.

See the inputenc package documentation for explanation.
Type  H <return>  for immediate help.
 ...                                              
                                                  
l.2 \subsection{–ú–Ω–æ
                      –≥–æ–æ–±—Ä–∞–∑–∏—è –∏ –≥–ª–∞–¥–∫–∏–µ –æ—Ç–æ–±—Ä–∞–∂–µ–...

You may provide a definition with
\DeclareUnicodeCharacter 


! Package inputenc Error: Unicode character –≥ (U+0433)
(inputenc)                not set up for use with LaTeX.

See the inputenc package documentation for explanation.
Type  H <return>  for immediate help.
 ...                                              
                                                  
l.2 \subsection{–ú–Ω–æ–≥
                        –æ–æ–±—Ä–∞–∑–∏—è –∏ –≥–ª–∞–¥–∫–∏–µ –æ—Ç–æ–±—Ä–∞–∂–µ–...

You may provide a definition with
\DeclareUnicodeCharacter 


! Package inputenc Error: Unicode character –æ (U+043E)
(inputenc)                not set up for use with LaTeX.

See the inputenc package documentation for explanation.
Type  H <return>  for immediate help.
 ...                                              
                                                  
l.2 \subsection{–ú–Ω–æ–≥–æ
                          –æ–±—Ä–∞–∑–∏—è –∏ –≥–ª–∞–¥–∫–∏–µ –æ—Ç–æ–±—Ä–∞–∂–µ–...

You may provide a definition with
\DeclareUnicodeCharacter 


! Package inputenc Error: Unicode character –æ (U+043E)
(inputenc)                not set up for use with LaTeX.

See the inputenc package documentation for explanation.
Type  H <return>  for immediate help.
 ...                                              
                                                  
l.2 \subsection{–ú–Ω–æ–≥–æ–æ
                            –±—Ä–∞–∑–∏—è –∏ –≥–ª–∞–¥–∫–∏–µ –æ—Ç–æ–±—Ä–∞–∂–µ–...

You may provide a definition with
\DeclareUnicodeCharacter 


! Package inputenc Error: Unicode character –± (U+0431)
(inputenc)                not set up for use with LaTeX.

See the inputenc package documentation for explanation.
Type  H <return>  for immediate help.
 ...                                              
                                                  
l.2 \subsection{–ú–Ω–æ–≥–æ–æ–±
                              —Ä–∞–∑–∏—è –∏ –≥–ª–∞–¥–∫–∏–µ –æ—Ç–æ–±—Ä–∞–∂–µ–...

You may provide a definition with
\DeclareUnicodeCharacter 


! Package inputenc Error: Unicode character —Ä (U+0440)
(inputenc)                not set up for use with LaTeX.

See the inputenc package documentation for explanation.
Type  H <return>  for immediate help.
 ...                                              
                                                  
l.2 \subsection{–ú–Ω–æ–≥–æ–æ–±—Ä
                                –∞–∑–∏—è –∏ –≥–ª–∞–¥–∫–∏–µ –æ—Ç–æ–±—Ä–∞–∂–µ–...

You may provide a definition with
\DeclareUnicodeCharacter 


! Package inputenc Error: Unicode character –∞ (U+0430)
(inputenc)                not set up for use with LaTeX.

See the inputenc package documentation for explanation.
Type  H <return>  for immediate help.
 ...                                              
                                                  
l.2 \subsection{–ú–Ω–æ–≥–æ–æ–±—Ä–∞
                                  –∑–∏—è –∏ –≥–ª–∞–¥–∫–∏–µ –æ—Ç–æ–±—Ä–∞–∂–µ–...

You may provide a definition with
\DeclareUnicodeCharacter 


! Package inputenc Error: Unicode character –∑ (U+0437)
(inputenc)                not set up for use with LaTeX.

See the inputenc package documentation for explanation.
Type  H <return>  for immediate help.
 ...                                              
                                                  
l.2 \subsection{–ú–Ω–æ–≥–æ–æ–±—Ä–∞–∑
                                    –∏—è –∏ –≥–ª–∞–¥–∫–∏–µ –æ—Ç–æ–±—Ä–∞–∂–µ–...

You may provide a definition with
\DeclareUnicodeCharacter 


! Package inputenc Error: Unicode character –∏ (U+0438)
(inputenc)                not set up for use with LaTeX.

See the inputenc package documentation for explanation.
Type  H <return>  for immediate help.
 ...                                              
                                                  
l.2 \subsection{–ú–Ω–æ–≥–æ–æ–±—Ä–∞–∑–∏
                                      —è –∏ –≥–ª–∞–¥–∫–∏–µ –æ—Ç–æ–±—Ä–∞–∂–µ–...

You may provide a definition with
\DeclareUnicodeCharacter 


! Package inputenc Error: Unicode character —è (U+044F)
(inputenc)                not set up for use with LaTeX.

See the inputenc package documentation for explanation.
Type  H <return>  for immediate help.
 ...                                              
                                                  
l.2 \subsection{–ú–Ω–æ–≥–æ–æ–±—Ä–∞–∑–∏—è
                                         –∏ –≥–ª–∞–¥–∫–∏–µ –æ—Ç–æ–±—Ä–∞–∂–µ–...

You may provide a definition with
\DeclareUnicodeCharacter 


! Package inputenc Error: Unicode character –∏ (U+0438)
(inputenc)                not set up for use with LaTeX.

See the inputenc package documentation for explanation.
Type  H <return>  for immediate help.
 ...                                              
                                                  
l.2 \subsection{–ú–Ω–æ–≥–æ–æ–±—Ä–∞–∑–∏—è –∏
                                            –≥–ª–∞–¥–∫–∏–µ –æ—Ç–æ–±—Ä–∞–∂–µ–...

You may provide a definition with
\DeclareUnicodeCharacter 


! Package inputenc Error: Unicode character –≥ (U+0433)
(inputenc)                not set up for use with LaTeX.

See the inputenc package documentation for explanation.
Type  H <return>  for immediate help.
 ...                                              
                                                  
l.2 \subsection{–ú–Ω–æ–≥–æ–æ–±—Ä–∞–∑–∏—è –∏ –≥
                                              –ª–∞–¥–∫–∏–µ –æ—Ç–æ–±—Ä–∞–∂–µ–...

You may provide a definition with
\DeclareUnicodeCharacter 


! Package inputenc Error: Unicode character –ª (U+043B)
(inputenc)                not set up for use with LaTeX.

See the inputenc package documentation for explanation.
Type  H <return>  for immediate help.
 ...                                              
                                                  
l.2 \subsection{–ú–Ω–æ–≥–æ–æ–±—Ä–∞–∑–∏—è –∏ –≥–ª
                                                –∞–¥–∫–∏–µ –æ—Ç–æ–±—Ä–∞–∂–µ–...

You may provide a definition with
\DeclareUnicodeCharacter 


! Package inputenc Error: Unicode character –∞ (U+0430)
(inputenc)                not set up for use with LaTeX.

See the inputenc package documentation for explanation.
Type  H <return>  for immediate help.
 ...                                              
                                                  
l.2 \subsection{–ú–Ω–æ–≥–æ–æ–±—Ä–∞–∑–∏—è –∏ –≥–ª–∞
                                                  –¥–∫–∏–µ –æ—Ç–æ–±—Ä–∞–∂–µ–...

You may provide a definition with
\DeclareUnicodeCharacter 


! Package inputenc Error: Unicode character –¥ (U+0434)
(inputenc)                not set up for use with LaTeX.

See the inputenc package documentation for explanation.
Type  H <return>  for immediate help.
 ...                                              
                                                  
l.2 ...ection{–ú–Ω–æ–≥–æ–æ–±—Ä–∞–∑–∏—è –∏ –≥–ª–∞–¥
                                                  –∫–∏–µ –æ—Ç–æ–±—Ä–∞–∂–µ–Ω–...

You may provide a definition with
\DeclareUnicodeCharacter 


! Package inputenc Error: Unicode character –∫ (U+043A)
(inputenc)                not set up for use with LaTeX.

See the inputenc package documentation for explanation.
Type  H <return>  for immediate help.
 ...                                              
                                                  
l.2 ...tion{–ú–Ω–æ–≥–æ–æ–±—Ä–∞–∑–∏—è –∏ –≥–ª–∞–¥–∫
                                                  –∏–µ –æ—Ç–æ–±—Ä–∞–∂–µ–Ω–∏—è}
You may provide a definition with
\DeclareUnicodeCharacter 


! Package inputenc Error: Unicode character –∏ (U+0438)
(inputenc)                not set up for use with LaTeX.

See the inputenc package documentation for explanation.
Type  H <return>  for immediate help.
 ...                                              
                                                  
l.2 ...on{–ú–Ω–æ–≥–æ–æ–±—Ä–∞–∑–∏—è –∏ –≥–ª–∞–¥–∫–∏
                                                  –µ –æ—Ç–æ–±—Ä–∞–∂–µ–Ω–∏—è}
You may provide a definition with
\DeclareUnicodeCharacter 


! Package inputenc Error: Unicode character –µ (U+0435)
(inputenc)                not set up for use with LaTeX.

See the inputenc package documentation for explanation.
Type  H <return>  for immediate help.
 ...                                              
                                                  
l.2 ...{–ú–Ω–æ–≥–æ–æ–±—Ä–∞–∑–∏—è –∏ –≥–ª–∞–¥–∫–∏–µ
                                                   –æ—Ç–æ–±—Ä–∞–∂–µ–Ω–∏—è}
You may provide a definition with
\DeclareUnicodeCharacter 


! Package inputenc Error: Unicode character –æ (U+043E)
(inputenc)                not set up for use with LaTeX.

See the inputenc package documentation for explanation.
Type  H <return>  for immediate help.
 ...                                              
                                                  
l.2 ...–Ω–æ–≥–æ–æ–±—Ä–∞–∑–∏—è –∏ –≥–ª–∞–¥–∫–∏–µ –æ
                                                  —Ç–æ–±—Ä–∞–∂–µ–Ω–∏—è}
You may provide a definition with
\DeclareUnicodeCharacter 


! Package inputenc Error: Unicode character —Ç (U+0442)
(inputenc)                not set up for use with LaTeX.

See the inputenc package documentation for explanation.
Type  H <return>  for immediate help.
 ...                                              
                                                  
l.2 ...–æ–≥–æ–æ–±—Ä–∞–∑–∏—è –∏ –≥–ª–∞–¥–∫–∏–µ –æ—Ç
                                                  –æ–±—Ä–∞–∂–µ–Ω–∏—è}
You may provide a definition with
\DeclareUnicodeCharacter 


! Package inputenc Error: Unicode character –æ (U+043E)
(inputenc)                not set up for use with LaTeX.

See the inputenc package documentation for explanation.
Type  H <return>  for immediate help.
 ...                                              
                                                  
l.2 ...–≥–æ–æ–±—Ä–∞–∑–∏—è –∏ –≥–ª–∞–¥–∫–∏–µ –æ—Ç–æ
                                                  –±—Ä–∞–∂–µ–Ω–∏—è}
You may provide a definition with
\DeclareUnicodeCharacter 


! Package inputenc Error: Unicode character –± (U+0431)
(inputenc)                not set up for use with LaTeX.

See the inputenc package documentation for explanation.
Type  H <return>  for immediate help.
 ...                                              
                                                  
l.2 ...–æ–æ–±—Ä–∞–∑–∏—è –∏ –≥–ª–∞–¥–∫–∏–µ –æ—Ç–æ–±
                                                  —Ä–∞–∂–µ–Ω–∏—è}
You may provide a definition with
\DeclareUnicodeCharacter 


! Package inputenc Error: Unicode character —Ä (U+0440)
(inputenc)                not set up for use with LaTeX.

See the inputenc package documentation for explanation.
Type  H <return>  for immediate help.
 ...                                              
                                                  
l.2 ...–æ–±—Ä–∞–∑–∏—è –∏ –≥–ª–∞–¥–∫–∏–µ –æ—Ç–æ–±—Ä
                                                  –∞–∂–µ–Ω–∏—è}
You may provide a definition with
\DeclareUnicodeCharacter 


! Package inputenc Error: Unicode character –∞ (U+0430)
(inputenc)                not set up for use with LaTeX.

See the inputenc package documentation for explanation.
Type  H <return>  for immediate help.
 ...                                              
                                                  
l.2 ...–±—Ä–∞–∑–∏—è –∏ –≥–ª–∞–¥–∫–∏–µ –æ—Ç–æ–±—Ä–∞
                                                  –∂–µ–Ω–∏—è}
You may provide a definition with
\DeclareUnicodeCharacter 


! Package inputenc Error: Unicode character –∂ (U+0436)
(inputenc)                not set up for use with LaTeX.

See the inputenc package documentation for explanation.
Type  H <return>  for immediate help.
 ...                                              
                                                  
l.2 ...—Ä–∞–∑–∏—è –∏ –≥–ª–∞–¥–∫–∏–µ –æ—Ç–æ–±—Ä–∞–∂
                                                  –µ–Ω–∏—è}
You may provide a definition with
\DeclareUnicodeCharacter 


! Package inputenc Error: Unicode character –µ (U+0435)
(inputenc)                not set up for use with LaTeX.

See the inputenc package documentation for explanation.
Type  H <return>  for immediate help.
 ...                                              
                                                  
l.2 ...–∞–∑–∏—è –∏ –≥–ª–∞–¥–∫–∏–µ –æ—Ç–æ–±—Ä–∞–∂–µ
                                                  –Ω–∏—è}
You may provide a definition with
\DeclareUnicodeCharacter 


! Package inputenc Error: Unicode character –Ω (U+043D)
(inputenc)                not set up for use with LaTeX.

See the inputenc package documentation for explanation.
Type  H <return>  for immediate help.
 ...                                              
                                                  
l.2 ...–∑–∏—è –∏ –≥–ª–∞–¥–∫–∏–µ –æ—Ç–æ–±—Ä–∞–∂–µ–Ω
                                                  –∏—è}
You may provide a definition with
\DeclareUnicodeCharacter 


! Package inputenc Error: Unicode character –∏ (U+0438)
(inputenc)                not set up for use with LaTeX.

See the inputenc package documentation for explanation.
Type  H <return>  for immediate help.
 ...                                              
                                                  
l.2 ...–∏—è –∏ –≥–ª–∞–¥–∫–∏–µ –æ—Ç–æ–±—Ä–∞–∂–µ–Ω–∏
                                                  —è}
You may provide a definition with
\DeclareUnicodeCharacter 


! Package inputenc Error: Unicode character —è (U+044F)
(inputenc)                not set up for use with LaTeX.

See the inputenc package documentation for explanation.
Type  H <return>  for immediate help.
 ...                                              
                                                  
l.2 ...—è –∏ –≥–ª–∞–¥–∫–∏–µ –æ—Ç–æ–±—Ä–∞–∂–µ–Ω–∏—è
                                                  }
You may provide a definition with
\DeclareUnicodeCharacter 


! LaTeX Error: Environment defin undefined.

See the LaTeX manual or LaTeX Companion for explanation.
Type  H <return>  for immediate help.
 ...                                              
                                                  
l.3 \begin{defin}
                 
Your command was ignored.
Type  I <command> <return>  to replace it with another command,
or  <return>  to continue without it.


! Package inputenc Error: Unicode character –ü (U+041F)
(inputenc)                not set up for use with LaTeX.

See the inputenc package documentation for explanation.
Type  H <return>  for immediate help.
 ...                                              
                                                  
l.4 	–ü
       —Ä–æ —Ö–∞—É—Å–¥–æ—Ä—Ñ–æ–≤–æ —Ç–æ–ø–æ–ª–æ–≥–∏—á–µ—Å–∫–æ–µ –ø—Ä–æ—Å—Ç—Ä...

You may provide a definition with
\DeclareUnicodeCharacter 


! Package inputenc Error: Unicode character —Ä (U+0440)
(inputenc)                not set up for use with LaTeX.

See the inputenc package documentation for explanation.
Type  H <return>  for immediate help.
 ...                                              
                                                  
l.4 	–ü—Ä
         –æ —Ö–∞—É—Å–¥–æ—Ä—Ñ–æ–≤–æ —Ç–æ–ø–æ–ª–æ–≥–∏—á–µ—Å–∫–æ–µ –ø—Ä–æ—Å—Ç—Ä...

You may provide a definition with
\DeclareUnicodeCharacter 


! Package inputenc Error: Unicode character –æ (U+043E)
(inputenc)                not set up for use with LaTeX.

See the inputenc package documentation for explanation.
Type  H <return>  for immediate help.
 ...                                              
                                                  
l.4 	–ü—Ä–æ
            —Ö–∞—É—Å–¥–æ—Ä—Ñ–æ–≤–æ —Ç–æ–ø–æ–ª–æ–≥–∏—á–µ—Å–∫–æ–µ –ø—Ä–æ—Å—Ç—Ä...

You may provide a definition with
\DeclareUnicodeCharacter 


! Package inputenc Error: Unicode character —Ö (U+0445)
(inputenc)                not set up for use with LaTeX.

See the inputenc package documentation for explanation.
Type  H <return>  for immediate help.
 ...                                              
                                                  
l.4 	–ü—Ä–æ —Ö
              –∞—É—Å–¥–æ—Ä—Ñ–æ–≤–æ —Ç–æ–ø–æ–ª–æ–≥–∏—á–µ—Å–∫–æ–µ –ø—Ä–æ—Å—Ç—Ä...

You may provide a definition with
\DeclareUnicodeCharacter 


! Package inputenc Error: Unicode character –∞ (U+0430)
(inputenc)                not set up for use with LaTeX.

See the inputenc package documentation for explanation.
Type  H <return>  for immediate help.
 ...                                              
                                                  
l.4 	–ü—Ä–æ —Ö–∞
                —É—Å–¥–æ—Ä—Ñ–æ–≤–æ —Ç–æ–ø–æ–ª–æ–≥–∏—á–µ—Å–∫–æ–µ –ø—Ä–æ—Å—Ç—Ä...

You may provide a definition with
\DeclareUnicodeCharacter 


! Package inputenc Error: Unicode character —É (U+0443)
(inputenc)                not set up for use with LaTeX.

See the inputenc package documentation for explanation.
Type  H <return>  for immediate help.
 ...                                              
                                                  
l.4 	–ü—Ä–æ —Ö–∞—É
                  —Å–¥–æ—Ä—Ñ–æ–≤–æ —Ç–æ–ø–æ–ª–æ–≥–∏—á–µ—Å–∫–æ–µ –ø—Ä–æ—Å—Ç—Ä...

You may provide a definition with
\DeclareUnicodeCharacter 


! Package inputenc Error: Unicode character —Å (U+0441)
(inputenc)                not set up for use with LaTeX.

See the inputenc package documentation for explanation.
Type  H <return>  for immediate help.
 ...                                              
                                                  
l.4 	–ü—Ä–æ —Ö–∞—É—Å
                    –¥–æ—Ä—Ñ–æ–≤–æ —Ç–æ–ø–æ–ª–æ–≥–∏—á–µ—Å–∫–æ–µ –ø—Ä–æ—Å—Ç—Ä...

You may provide a definition with
\DeclareUnicodeCharacter 


! Package inputenc Error: Unicode character –¥ (U+0434)
(inputenc)                not set up for use with LaTeX.

See the inputenc package documentation for explanation.
Type  H <return>  for immediate help.
 ...                                              
                                                  
l.4 	–ü—Ä–æ —Ö–∞—É—Å–¥
                      –æ—Ä—Ñ–æ–≤–æ —Ç–æ–ø–æ–ª–æ–≥–∏—á–µ—Å–∫–æ–µ –ø—Ä–æ—Å—Ç—Ä...

You may provide a definition with
\DeclareUnicodeCharacter 


! Package inputenc Error: Unicode character –æ (U+043E)
(inputenc)                not set up for use with LaTeX.

See the inputenc package documentation for explanation.
Type  H <return>  for immediate help.
 ...                                              
                                                  
l.4 	–ü—Ä–æ —Ö–∞—É—Å–¥–æ
                        —Ä—Ñ–æ–≤–æ —Ç–æ–ø–æ–ª–æ–≥–∏—á–µ—Å–∫–æ–µ –ø—Ä–æ—Å—Ç—Ä...

You may provide a definition with
\DeclareUnicodeCharacter 


! Package inputenc Error: Unicode character —Ä (U+0440)
(inputenc)                not set up for use with LaTeX.

See the inputenc package documentation for explanation.
Type  H <return>  for immediate help.
 ...                                              
                                                  
l.4 	–ü—Ä–æ —Ö–∞—É—Å–¥–æ—Ä
                          —Ñ–æ–≤–æ —Ç–æ–ø–æ–ª–æ–≥–∏—á–µ—Å–∫–æ–µ –ø—Ä–æ—Å—Ç—Ä...

You may provide a definition with
\DeclareUnicodeCharacter 


! Package inputenc Error: Unicode character —Ñ (U+0444)
(inputenc)                not set up for use with LaTeX.

See the inputenc package documentation for explanation.
Type  H <return>  for immediate help.
 ...                                              
                                                  
l.4 	–ü—Ä–æ —Ö–∞—É—Å–¥–æ—Ä—Ñ
                            –æ–≤–æ —Ç–æ–ø–æ–ª–æ–≥–∏—á–µ—Å–∫–æ–µ –ø—Ä–æ—Å—Ç—Ä...

You may provide a definition with
\DeclareUnicodeCharacter 


! Package inputenc Error: Unicode character –æ (U+043E)
(inputenc)                not set up for use with LaTeX.

See the inputenc package documentation for explanation.
Type  H <return>  for immediate help.
 ...                                              
                                                  
l.4 	–ü—Ä–æ —Ö–∞—É—Å–¥–æ—Ä—Ñ–æ
                              –≤–æ —Ç–æ–ø–æ–ª–æ–≥–∏—á–µ—Å–∫–æ–µ –ø—Ä–æ—Å—Ç—Ä...

You may provide a definition with
\DeclareUnicodeCharacter 


! Package inputenc Error: Unicode character –≤ (U+0432)
(inputenc)                not set up for use with LaTeX.

See the inputenc package documentation for explanation.
Type  H <return>  for immediate help.
 ...                                              
                                                  
l.4 	–ü—Ä–æ —Ö–∞—É—Å–¥–æ—Ä—Ñ–æ–≤
                                –æ —Ç–æ–ø–æ–ª–æ–≥–∏—á–µ—Å–∫–æ–µ –ø—Ä–æ—Å—Ç—Ä...

You may provide a definition with
\DeclareUnicodeCharacter 


! Package inputenc Error: Unicode character –æ (U+043E)
(inputenc)                not set up for use with LaTeX.

See the inputenc package documentation for explanation.
Type  H <return>  for immediate help.
 ...                                              
                                                  
l.4 	–ü—Ä–æ —Ö–∞—É—Å–¥–æ—Ä—Ñ–æ–≤–æ
                                   —Ç–æ–ø–æ–ª–æ–≥–∏—á–µ—Å–∫–æ–µ –ø—Ä–æ—Å—Ç—Ä...

You may provide a definition with
\DeclareUnicodeCharacter 


! Package inputenc Error: Unicode character —Ç (U+0442)
(inputenc)                not set up for use with LaTeX.

See the inputenc package documentation for explanation.
Type  H <return>  for immediate help.
 ...                                              
                                                  
l.4 	–ü—Ä–æ —Ö–∞—É—Å–¥–æ—Ä—Ñ–æ–≤–æ —Ç
                                     –æ–ø–æ–ª–æ–≥–∏—á–µ—Å–∫–æ–µ –ø—Ä–æ—Å—Ç—Ä...

You may provide a definition with
\DeclareUnicodeCharacter 


! Package inputenc Error: Unicode character –æ (U+043E)
(inputenc)                not set up for use with LaTeX.

See the inputenc package documentation for explanation.
Type  H <return>  for immediate help.
 ...                                              
                                                  
l.4 	–ü—Ä–æ —Ö–∞—É—Å–¥–æ—Ä—Ñ–æ–≤–æ —Ç–æ
                                       –ø–æ–ª–æ–≥–∏—á–µ—Å–∫–æ–µ –ø—Ä–æ—Å—Ç—Ä...

You may provide a definition with
\DeclareUnicodeCharacter 


! Package inputenc Error: Unicode character –ø (U+043F)
(inputenc)                not set up for use with LaTeX.

See the inputenc package documentation for explanation.
Type  H <return>  for immediate help.
 ...                                              
                                                  
l.4 	–ü—Ä–æ —Ö–∞—É—Å–¥–æ—Ä—Ñ–æ–≤–æ —Ç–æ–ø
                                         –æ–ª–æ–≥–∏—á–µ—Å–∫–æ–µ –ø—Ä–æ—Å—Ç—Ä...

You may provide a definition with
\DeclareUnicodeCharacter 


! Package inputenc Error: Unicode character –æ (U+043E)
(inputenc)                not set up for use with LaTeX.

See the inputenc package documentation for explanation.
Type  H <return>  for immediate help.
 ...                                              
                                                  
l.4 	–ü—Ä–æ —Ö–∞—É—Å–¥–æ—Ä—Ñ–æ–≤–æ —Ç–æ–ø–æ
                                           –ª–æ–≥–∏—á–µ—Å–∫–æ–µ –ø—Ä–æ—Å—Ç—Ä...

You may provide a definition with
\DeclareUnicodeCharacter 


! Package inputenc Error: Unicode character –ª (U+043B)
(inputenc)                not set up for use with LaTeX.

See the inputenc package documentation for explanation.
Type  H <return>  for immediate help.
 ...                                              
                                                  
l.4 	–ü—Ä–æ —Ö–∞—É—Å–¥–æ—Ä—Ñ–æ–≤–æ —Ç–æ–ø–æ–ª
                                             –æ–≥–∏—á–µ—Å–∫–æ–µ –ø—Ä–æ—Å—Ç—Ä...

You may provide a definition with
\DeclareUnicodeCharacter 


! Package inputenc Error: Unicode character –æ (U+043E)
(inputenc)                not set up for use with LaTeX.

See the inputenc package documentation for explanation.
Type  H <return>  for immediate help.
 ...                                              
                                                  
l.4 	–ü—Ä–æ —Ö–∞—É—Å–¥–æ—Ä—Ñ–æ–≤–æ —Ç–æ–ø–æ–ª–æ
                                               –≥–∏—á–µ—Å–∫–æ–µ –ø—Ä–æ—Å—Ç—Ä...

You may provide a definition with
\DeclareUnicodeCharacter 


! Package inputenc Error: Unicode character –≥ (U+0433)
(inputenc)                not set up for use with LaTeX.

See the inputenc package documentation for explanation.
Type  H <return>  for immediate help.
 ...                                              
                                                  
l.4 	–ü—Ä–æ —Ö–∞—É—Å–¥–æ—Ä—Ñ–æ–≤–æ —Ç–æ–ø–æ–ª–æ–≥
                                                 –∏—á–µ—Å–∫–æ–µ –ø—Ä–æ—Å—Ç—Ä...

You may provide a definition with
\DeclareUnicodeCharacter 


! Package inputenc Error: Unicode character –∏ (U+0438)
(inputenc)                not set up for use with LaTeX.

See the inputenc package documentation for explanation.
Type  H <return>  for immediate help.
 ...                                              
                                                  
l.4 ...Ä–æ —Ö–∞—É—Å–¥–æ—Ä—Ñ–æ–≤–æ —Ç–æ–ø–æ–ª–æ–≥–∏
                                                  —á–µ—Å–∫–æ–µ –ø—Ä–æ—Å—Ç—Ä–...

You may provide a definition with
\DeclareUnicodeCharacter 


! Package inputenc Error: Unicode character —á (U+0447)
(inputenc)                not set up for use with LaTeX.

See the inputenc package documentation for explanation.
Type  H <return>  for immediate help.
 ...                                              
                                                  
l.4 ...æ —Ö–∞—É—Å–¥–æ—Ä—Ñ–æ–≤–æ —Ç–æ–ø–æ–ª–æ–≥–∏—á
                                                  –µ—Å–∫–æ–µ –ø—Ä–æ—Å—Ç—Ä–∞–...

You may provide a definition with
\DeclareUnicodeCharacter 


! Package inputenc Error: Unicode character –µ (U+0435)
(inputenc)                not set up for use with LaTeX.

See the inputenc package documentation for explanation.
Type  H <return>  for immediate help.
 ...                                              
                                                  
l.4 ...—Ö–∞—É—Å–¥–æ—Ä—Ñ–æ–≤–æ —Ç–æ–ø–æ–ª–æ–≥–∏—á–µ
                                                  —Å–∫–æ–µ –ø—Ä–æ—Å—Ç—Ä–∞–Ω—...

You may provide a definition with
\DeclareUnicodeCharacter 


! Package inputenc Error: Unicode character —Å (U+0441)
(inputenc)                not set up for use with LaTeX.

See the inputenc package documentation for explanation.
Type  H <return>  for immediate help.
 ...                                              
                                                  
l.4 ...–∞—É—Å–¥–æ—Ä—Ñ–æ–≤–æ —Ç–æ–ø–æ–ª–æ–≥–∏—á–µ—Å
                                                  –∫–æ–µ –ø—Ä–æ—Å—Ç—Ä–∞–Ω—Å—...

You may provide a definition with
\DeclareUnicodeCharacter 


! Package inputenc Error: Unicode character –∫ (U+043A)
(inputenc)                not set up for use with LaTeX.

See the inputenc package documentation for explanation.
Type  H <return>  for immediate help.
 ...                                              
                                                  
l.4 ...—É—Å–¥–æ—Ä—Ñ–æ–≤–æ —Ç–æ–ø–æ–ª–æ–≥–∏—á–µ—Å–∫
                                                  –æ–µ –ø—Ä–æ—Å—Ç—Ä–∞–Ω—Å—Ç–...

You may provide a definition with
\DeclareUnicodeCharacter 


! Package inputenc Error: Unicode character –æ (U+043E)
(inputenc)                not set up for use with LaTeX.

See the inputenc package documentation for explanation.
Type  H <return>  for immediate help.
 ...                                              
                                                  
l.4 ...—Å–¥–æ—Ä—Ñ–æ–≤–æ —Ç–æ–ø–æ–ª–æ–≥–∏—á–µ—Å–∫–æ
                                                  –µ –ø—Ä–æ—Å—Ç—Ä–∞–Ω—Å—Ç–≤–...

You may provide a definition with
\DeclareUnicodeCharacter 


! Package inputenc Error: Unicode character –µ (U+0435)
(inputenc)                not set up for use with LaTeX.

See the inputenc package documentation for explanation.
Type  H <return>  for immediate help.
 ...                                              
                                                  
l.4 ...–¥–æ—Ä—Ñ–æ–≤–æ —Ç–æ–ø–æ–ª–æ–≥–∏—á–µ—Å–∫–æ–µ
                                                   –ø—Ä–æ—Å—Ç—Ä–∞–Ω—Å—Ç–≤–æ ...

You may provide a definition with
\DeclareUnicodeCharacter 


! Package inputenc Error: Unicode character –ø (U+043F)
(inputenc)                not set up for use with LaTeX.

See the inputenc package documentation for explanation.
Type  H <return>  for immediate help.
 ...                                              
                                                  
l.4 ...æ—Ä—Ñ–æ–≤–æ —Ç–æ–ø–æ–ª–æ–≥–∏—á–µ—Å–∫–æ–µ –ø
                                                  —Ä–æ—Å—Ç—Ä–∞–Ω—Å—Ç–≤–æ $T$...

You may provide a definition with
\DeclareUnicodeCharacter 


! Package inputenc Error: Unicode character —Ä (U+0440)
(inputenc)                not set up for use with LaTeX.

See the inputenc package documentation for explanation.
Type  H <return>  for immediate help.
 ...                                              
                                                  
l.4 ...Ä—Ñ–æ–≤–æ —Ç–æ–ø–æ–ª–æ–≥–∏—á–µ—Å–∫–æ–µ –ø—Ä
                                                  –æ—Å—Ç—Ä–∞–Ω—Å—Ç–≤–æ $T$ –...

You may provide a definition with
\DeclareUnicodeCharacter 


! Package inputenc Error: Unicode character –æ (U+043E)
(inputenc)                not set up for use with LaTeX.

See the inputenc package documentation for explanation.
Type  H <return>  for immediate help.
 ...                                              
                                                  
l.4 ...Ñ–æ–≤–æ —Ç–æ–ø–æ–ª–æ–≥–∏—á–µ—Å–∫–æ–µ –ø—Ä–æ
                                                  —Å—Ç—Ä–∞–Ω—Å—Ç–≤–æ $T$ –±—...

You may provide a definition with
\DeclareUnicodeCharacter 


! Package inputenc Error: Unicode character —Å (U+0441)
(inputenc)                not set up for use with LaTeX.

See the inputenc package documentation for explanation.
Type  H <return>  for immediate help.
 ...                                              
                                                  
l.4 ...æ–≤–æ —Ç–æ–ø–æ–ª–æ–≥–∏—á–µ—Å–∫–æ–µ –ø—Ä–æ—Å
                                                  —Ç—Ä–∞–Ω—Å—Ç–≤–æ $T$ –±—É–...

You may provide a definition with
\DeclareUnicodeCharacter 


! Package inputenc Error: Unicode character —Ç (U+0442)
(inputenc)                not set up for use with LaTeX.

See the inputenc package documentation for explanation.
Type  H <return>  for immediate help.
 ...                                              
                                                  
l.4 ...≤–æ —Ç–æ–ø–æ–ª–æ–≥–∏—á–µ—Å–∫–æ–µ –ø—Ä–æ—Å—Ç
                                                  —Ä–∞–Ω—Å—Ç–≤–æ $T$ –±—É–¥–...

You may provide a definition with
\DeclareUnicodeCharacter 


! Package inputenc Error: Unicode character —Ä (U+0440)
(inputenc)                not set up for use with LaTeX.

See the inputenc package documentation for explanation.
Type  H <return>  for immediate help.
 ...                                              
                                                  
l.4 ...æ —Ç–æ–ø–æ–ª–æ–≥–∏—á–µ—Å–∫–æ–µ –ø—Ä–æ—Å—Ç—Ä
                                                  –∞–Ω—Å—Ç–≤–æ $T$ –±—É–¥–µ–...

You may provide a definition with
\DeclareUnicodeCharacter 


! Package inputenc Error: Unicode character –∞ (U+0430)
(inputenc)                not set up for use with LaTeX.

See the inputenc package documentation for explanation.
Type  H <return>  for immediate help.
 ...                                              
                                                  
l.4 ...—Ç–æ–ø–æ–ª–æ–≥–∏—á–µ—Å–∫–æ–µ –ø—Ä–æ—Å—Ç—Ä–∞
                                                  –Ω—Å—Ç–≤–æ $T$ –±—É–¥–µ–º ...

You may provide a definition with
\DeclareUnicodeCharacter 


! Package inputenc Error: Unicode character –Ω (U+043D)
(inputenc)                not set up for use with LaTeX.

See the inputenc package documentation for explanation.
Type  H <return>  for immediate help.
 ...                                              
                                                  
l.4 ...–æ–ø–æ–ª–æ–≥–∏—á–µ—Å–∫–æ–µ –ø—Ä–æ—Å—Ç—Ä–∞–Ω
                                                  —Å—Ç–≤–æ $T$ –±—É–¥–µ–º –≥...

You may provide a definition with
\DeclareUnicodeCharacter 


! Package inputenc Error: Unicode character —Å (U+0441)
(inputenc)                not set up for use with LaTeX.

See the inputenc package documentation for explanation.
Type  H <return>  for immediate help.
 ...                                              
                                                  
l.4 ...–ø–æ–ª–æ–≥–∏—á–µ—Å–∫–æ–µ –ø—Ä–æ—Å—Ç—Ä–∞–Ω—Å
                                                  —Ç–≤–æ $T$ –±—É–¥–µ–º –≥–æ...

You may provide a definition with
\DeclareUnicodeCharacter 


! Package inputenc Error: Unicode character —Ç (U+0442)
(inputenc)                not set up for use with LaTeX.

See the inputenc package documentation for explanation.
Type  H <return>  for immediate help.
 ...                                              
                                                  
l.4 ...–æ–ª–æ–≥–∏—á–µ—Å–∫–æ–µ –ø—Ä–æ—Å—Ç—Ä–∞–Ω—Å—Ç
                                                  –≤–æ $T$ –±—É–¥–µ–º –≥–æ–≤...

You may provide a definition with
\DeclareUnicodeCharacter 


! Package inputenc Error: Unicode character –≤ (U+0432)
(inputenc)                not set up for use with LaTeX.

See the inputenc package documentation for explanation.
Type  H <return>  for immediate help.
 ...                                              
                                                  
l.4 ...–ª–æ–≥–∏—á–µ—Å–∫–æ–µ –ø—Ä–æ—Å—Ç—Ä–∞–Ω—Å—Ç–≤
                                                  –æ $T$ –±—É–¥–µ–º –≥–æ–≤–æ...

You may provide a definition with
\DeclareUnicodeCharacter 


! Package inputenc Error: Unicode character –æ (U+043E)
(inputenc)                not set up for use with LaTeX.

See the inputenc package documentation for explanation.
Type  H <return>  for immediate help.
 ...                                              
                                                  
l.4 ...–æ–≥–∏—á–µ—Å–∫–æ–µ –ø—Ä–æ—Å—Ç—Ä–∞–Ω—Å—Ç–≤–æ
                                                   $T$ –±—É–¥–µ–º –≥–æ–≤–æ—Ä...

You may provide a definition with
\DeclareUnicodeCharacter 


! LaTeX Error: Missing \begin{document}.

See the LaTeX manual or LaTeX Companion for explanation.
Type  H <return>  for immediate help.
 ...                                              
                                                  
l.4 ...–≥–∏—á–µ—Å–∫–æ–µ –ø—Ä–æ—Å—Ç—Ä–∞–Ω—Å—Ç–≤–æ $
                                                  T$ –±—É–¥–µ–º –≥–æ–≤–æ—Ä–∏...
(That makes 100 errors; please try again.) 
Here is how much of TeX's memory you used:
 34 strings out of 492609
 396 string characters out of 6129033
 57748 words of memory out of 5000000
 4054 multiletter control sequences out of 15000+600000
 3640 words of font info for 14 fonts, out of 8000000 for 9000
 1141 hyphenation exceptions out of 8191
 10i,0n,10p,517b,35s stack positions out of 5000i,500n,10000p,200000b,80000s

!  ==> Fatal error occurred, no output PDF file produced!
