\BOOKMARK [1][-]{section.1}{\376\377\0001\000.\000\040\004\042\004\065\004\076\004\100\004\070\004\117\000\040\004\072\004\060\004\102\004\065\004\063\004\076\004\100\004\070\004\071}{}% 1
\BOOKMARK [2][-]{subsection.1.1}{\376\377\0001\000.\0001\000.\000\040\004\036\004\077\004\100\004\065\004\064\004\065\004\073\004\065\004\075\004\070\004\065\000\040\004\070\000\040\004\077\004\065\004\100\004\062\004\113\004\065\000\040\004\077\004\100\004\070\004\074\004\065\004\100\004\113}{section.1}% 2
\BOOKMARK [2][-]{subsection.1.2}{\376\377\0001\000.\0002\000.\000\040\004\043\004\075\004\070\004\062\004\065\004\100\004\101\004\060\004\073\004\114\004\075\004\113\004\065\000\040\004\076\004\061\004\112\004\065\004\072\004\102\004\113}{section.1}% 3
\BOOKMARK [1][-]{section.2}{\376\377\0002\000.\000\040\004\036\004\061\004\111\004\060\004\117\000\040\004\102\004\076\004\077\004\076\004\073\004\076\004\063\004\070\004\117}{}% 4
\BOOKMARK [2][-]{subsection.2.1}{\376\377\0002\000.\0001\000.\000\040\004\042\004\076\004\077\004\076\004\073\004\076\004\063\004\070\004\107\004\065\004\101\004\072\004\076\004\065\000\040\004\077\004\100\004\076\004\101\004\102\004\100\004\060\004\075\004\101\004\102\004\062\004\076\000\040\004\070\000\040\004\075\004\065\004\077\004\100\004\065\004\100\004\113\004\062\004\075\004\113\004\065\000\040\004\076\004\102\004\076\004\061\004\100\004\060\004\066\004\065\004\075\004\070\004\117}{section.2}% 5
\BOOKMARK [2][-]{subsection.2.2}{\376\377\0002\000.\0002\000.\000\040\004\036\004\102\004\064\004\065\004\073\004\070\004\074\004\076\004\101\004\102\004\114}{section.2}% 6
\BOOKMARK [2][-]{subsection.2.3}{\376\377\0002\000.\0003\000.\000\040\004\041\004\105\004\076\004\064\004\070\004\074\004\076\004\101\004\102\004\114\000,\000\040\004\077\004\076\004\101\004\073\004\065\004\064\004\076\004\062\004\060\004\102\004\065\004\073\004\114\004\075\004\076\004\101\004\102\004\070\000\040\004\070\000\040\004\075\004\060\004\077\004\100\004\060\004\062\004\073\004\065\004\075\004\075\004\076\004\101\004\102\004\070}{section.2}% 7
\BOOKMARK [2][-]{subsection.2.4}{\376\377\0002\000.\0004\000.\000\040\004\032\004\076\004\074\004\077\004\060\004\072\004\102\004\075\004\076\004\101\004\102\004\114}{section.2}% 8
\BOOKMARK [1][-]{section.3}{\376\377\0003\000.\000\040\004\036\004\077\004\065\004\100\004\060\004\106\004\070\004\070\000\040\004\070\000\040\004\072\004\076\004\075\004\101\004\102\004\100\004\103\004\072\004\106\004\070\004\070}{}% 9
\BOOKMARK [1][-]{section.4}{\376\377\0004\000.\000\040\004\023\004\076\004\074\004\076\004\102\004\076\004\077\004\070\004\107\004\065\004\101\004\072\004\060\004\117\000\040\004\102\004\076\004\077\004\076\004\073\004\076\004\063\004\070\004\117}{}% 10
\BOOKMARK [2][-]{subsection.4.1}{\376\377\0004\000.\0001\000.\000\040\004\037\004\100\004\076\004\101\004\102\004\100\004\060\004\075\004\101\004\102\004\062\004\060\000\040\004\101\000\040\004\076\004\102\004\074\004\065\004\107\004\065\004\075\004\075\004\076\004\071\000\040\004\102\004\076\004\107\004\072\004\076\004\071}{section.4}% 11
\BOOKMARK [2][-]{subsection.4.2}{\376\377\0004\000.\0002\000.\000\040\004\023\004\076\004\074\004\076\004\102\004\076\004\077\004\070\004\117\000\040\004\070\000\040\004\063\004\076\004\074\004\076\004\102\004\076\004\077\004\070\004\107\004\065\004\101\004\072\004\060\004\117\000\040\004\115\004\072\004\062\004\070\004\062\004\060\004\073\004\065\004\075\004\102\004\075\004\076\004\101\004\102\004\114}{section.4}% 12
\BOOKMARK [2][-]{subsection.4.3}{\376\377\0004\000.\0003\000.\000\040\004\032\004\073\004\065\004\102\004\076\004\107\004\075\004\113\004\065\000\040\004\077\004\100\004\076\004\101\004\102\004\100\004\060\004\075\004\101\004\102\004\062\004\060\000\040\004\070\000\040\004\102\004\065\004\076\004\100\004\065\004\074\004\060\000\040\004\076\000\040\004\072\004\073\004\065\004\102\004\076\004\107\004\075\004\076\004\071\000\040\004\060\004\077\004\077\004\100\004\076\004\072\004\101\004\070\004\074\004\060\004\106\004\070\004\070}{section.4}% 13
\BOOKMARK [2][-]{subsection.4.4}{\376\377\0004\000.\0004\000.\000\040\004\044\004\103\004\075\004\064\004\060\004\074\004\065\004\075\004\102\004\060\004\073\004\114\004\075\004\060\004\117\000\040\004\063\004\100\004\103\004\077\004\077\004\060}{section.4}% 14
\BOOKMARK [2][-]{subsection.4.5}{\376\377\0004\000.\0005\000.\000\040\004\042\004\076\004\077\004\076\004\073\004\076\004\063\004\070\004\107\004\065\004\101\004\072\004\070\004\065\000\040\004\063\004\100\004\103\004\077\004\077\004\113\000,\000\040\000H\000-\004\063\004\100\004\103\004\077\004\077\004\113\000\040\004\070\000\040\000H\000-\004\072\004\076\004\063\004\100\004\103\004\077\004\077\004\113}{section.4}% 15
\BOOKMARK [2][-]{subsection.4.6}{\376\377\0004\000.\0006\000.\000\040\004\042\004\065\004\076\004\100\004\065\004\074\004\060\000\040\004\027\004\065\004\071\004\104\004\065\004\100\004\102\004\060\000-\004\062\004\060\004\075\000\040\004\032\004\060\004\074\004\077\004\065\004\075\004\060}{section.4}% 16
\BOOKMARK [2][-]{subsection.4.7}{\376\377\0004\000.\0007\000.\000\040\004\044\004\103\004\075\004\064\004\060\004\074\004\065\004\075\004\102\004\060\004\073\004\114\004\075\004\060\004\117\000\040\004\063\004\100\004\103\004\077\004\077\004\060\000\040\004\072\004\073\004\065\004\102\004\076\004\107\004\075\004\076\004\063\004\076\000\040\004\077\004\100\004\076\004\101\004\102\004\100\004\060\004\075\004\101\004\102\004\062\004\060\000.\000\040\004\032\004\073\004\060\004\101\004\101\004\070\004\104\004\070\004\072\004\060\004\106\004\070\004\117\000\040\004\064\004\062\004\103\004\074\004\065\004\100\004\075\004\113\004\105\000\040\004\077\004\076\004\062\004\065\004\100\004\105\004\075\004\076\004\101\004\102\004\065\004\071}{section.4}% 17
\BOOKMARK [2][-]{subsection.4.8}{\376\377\0004\000.\0008\000.\000\040\004\035\004\060\004\072\004\100\004\113\004\102\004\070\004\117}{section.4}% 18
\BOOKMARK [1][-]{section.5}{\376\377\0005\000.\000\040\004\024\004\070\004\104\004\104\004\065\004\100\004\065\004\075\004\106\004\070\004\060\004\073\004\114\004\075\004\060\004\117\000\040\004\063\004\065\004\076\004\074\004\065\004\102\004\100\004\070\004\117}{}% 19
\BOOKMARK [2][-]{subsection.5.1}{\376\377\0005\000.\0001\000.\000\040\004\034\004\075\004\076\004\063\004\076\004\076\004\061\004\100\004\060\004\067\004\070\004\117\000\040\004\070\000\040\004\063\004\073\004\060\004\064\004\072\004\070\004\065\000\040\004\076\004\102\004\076\004\061\004\100\004\060\004\066\004\065\004\075\004\070\004\117}{section.5}% 20
\BOOKMARK [2][-]{subsection.5.2}{\376\377\0005\000.\0002\000.\000\040\004\032\004\060\004\101\004\060\004\102\004\065\004\073\004\114\004\075\004\076\004\065\000\040\004\070\000\040\004\072\004\076\004\072\004\060\004\101\004\060\004\102\004\065\004\073\004\114\004\075\004\076\004\065\000\040\004\077\004\100\004\076\004\101\004\102\004\100\004\060\004\075\004\101\004\102\004\062\004\076}{section.5}% 21
\BOOKMARK [2][-]{subsection.5.3}{\376\377\0005\000.\0003\000.\000\040\004\032\004\060\004\101\004\060\004\102\004\065\004\073\004\114\004\075\004\076\004\065\000\040\004\070\000\040\004\072\004\076\004\072\004\060\004\101\004\060\004\102\004\065\004\073\004\114\004\075\004\076\004\065\000\040\004\100\004\060\004\101\004\101\004\073\004\076\004\065\004\075\004\070\004\065}{section.5}% 22
\BOOKMARK [2][-]{subsection.5.4}{\376\377\0005\000.\0004\000.\000\040\004\042\004\065\004\075\004\067\004\076\004\100\004\075\004\076\004\065\000\040\004\077\004\076\004\073\004\065\000\040\004\075\004\060\000\040\004\074\004\075\004\076\004\063\004\076\004\076\004\061\004\100\004\060\004\067\004\070\004\070}{section.5}% 23
\BOOKMARK [1][-]{section.6}{\376\377\0006\000.\000\040\004\034\004\065\004\100\004\060\000\040\004\070\000\040\004\070\004\075\004\102\004\065\004\063\004\100\004\060\004\073}{}% 24
\BOOKMARK [2][-]{subsection.6.1}{\376\377\0006\000.\0001\000.\000\040\004\020\004\073\004\063\004\065\004\061\004\100\004\113\000,\000\040\004\072\004\076\004\073\004\114\004\106\004\060\000\040\004\070\000\040\004\077\004\076\004\073\004\103\004\072\004\076\004\073\004\114\004\106\004\060}{section.6}% 25
\BOOKMARK [2][-]{subsection.6.2}{\376\377\0006\000.\0002\000.\000\040\004\034\004\065\004\100\004\060}{section.6}% 26
\BOOKMARK [2][-]{subsection.6.3}{\376\377\0006\000.\0003\000.\000\040\004\037\004\100\004\076\004\064\004\076\004\073\004\066\004\065\004\075\004\070\004\065\000\040\004\074\004\065\004\100\004\113}{section.6}% 27
\BOOKMARK [2][-]{subsection.6.4}{\376\377\0006\000.\0004\000.\000\040\004\034\004\065\004\100\004\060\000\040\004\070\000\040\004\062\004\065\004\100\004\076\004\117\004\102\004\075\004\076\004\101\004\102\004\114}{section.6}% 28
\BOOKMARK [2][-]{subsection.6.5}{\376\377\0006\000.\0005\000.\000\040\004\022\004\060\004\100\004\070\004\060\004\106\004\070\004\117}{section.6}% 29
\BOOKMARK [2][-]{subsection.6.6}{\376\377\0006\000.\0006\000.\000\040\004\037\004\100\004\076\004\070\004\067\004\062\004\065\004\064\004\065\004\075\004\070\004\065\000\040\004\074\004\065\004\100}{section.6}% 30
\BOOKMARK [2][-]{subsection.6.7}{\376\377\0006\000.\0007\000.\000\040\004\034\004\065\004\100\004\060\000\040\004\033\004\065\004\061\004\065\004\063\004\060}{section.6}% 31
\BOOKMARK [2][-]{subsection.6.8}{\376\377\0006\000.\0008\000.\000\040\004\030\004\075\004\102\004\065\004\063\004\100\004\060\004\073}{section.6}% 32
\BOOKMARK [2][-]{subsection.6.9}{\376\377\0006\000.\0009\000.\000\040\004\030\004\067\004\076\004\102\004\100\004\076\004\077\004\070\004\107\004\065\004\101\004\072\004\070\004\065\000\040\004\074\004\065\004\100\004\113}{section.6}% 33
\BOOKMARK [1][-]{section.7}{\376\377\0007\000.\000\040\004\022\004\113\004\077\004\103\004\072\004\073\004\076\004\101\004\102\004\114}{}% 34
\BOOKMARK [2][-]{subsection.7.1}{\376\377\0007\000.\0001\000.\000\040\004\022\004\113\004\077\004\103\004\072\004\073\004\113\004\065\000\040\004\074\004\075\004\076\004\066\004\065\004\101\004\102\004\062\004\060\000\040\004\070\000\040\004\104\004\103\004\075\004\072\004\106\004\070\004\070}{section.7}% 35
\BOOKMARK [2][-]{subsection.7.2}{\376\377\0007\000.\0002\000.\000\040\004\035\004\065\004\100\004\060\004\062\004\065\004\075\004\101\004\102\004\062\004\060}{section.7}% 36
\BOOKMARK [2][-]{subsection.7.3}{\376\377\0007\000.\0003\000.\000\040\004\044\004\103\004\075\004\072\004\106\004\070\004\076\004\075\004\060\004\073\000\040\004\034\004\070\004\075\004\072\004\076\004\062\004\101\004\072\004\076\004\063\004\076\000\040\004\070\000\040\004\075\004\076\004\100\004\074\004\060}{section.7}% 37
\BOOKMARK [2][-]{subsection.7.4}{\376\377\0007\000.\0004\000.\000\040\004\037\004\100\004\065\004\076\004\061\004\100\004\060\004\067\004\076\004\062\004\060\004\075\004\070\004\065\000\040\004\033\004\065\004\066\004\060\004\075\004\064\004\100\004\060}{section.7}% 38
\BOOKMARK [2][-]{subsection.7.5}{\376\377\0007\000.\0005\000.\000\040\004\036\004\077\004\076\004\100\004\075\004\060\004\117\000\040\004\104\004\103\004\075\004\072\004\106\004\070\004\117}{section.7}% 39
\BOOKMARK [2][-]{subsection.7.6}{\376\377\0007\000.\0006\000.\000\040\004\024\004\062\004\076\004\071\004\101\004\102\004\062\004\065\004\075\004\075\004\076\004\101\004\102\004\114\000\040\004\034\004\070\004\075\004\072\004\076\004\062\004\101\004\072\004\076\004\063\004\076}{section.7}% 40
\BOOKMARK [2][-]{subsection.7.7}{\376\377\0007\000.\0007\000.\000\040\004\040\004\060\004\101\004\101\004\102\004\076\004\117\004\075\004\070\004\065\000\040\004\021\004\060\004\075\004\060\004\105\004\060\000-\004\034\004\060\004\067\004\103\004\100\004\060\000\040\004\070\000\040\004\100\004\060\004\101\004\101\004\102\004\076\004\117\004\075\004\070\004\065\000\040\004\045\004\060\004\103\004\101\004\064\004\076\004\100\004\104\004\060}{section.7}% 41
