This is pdfTeX, Version 3.14159265-2.6-1.40.20 (TeX Live 2019) (preloaded format=pdflatex 2019.8.19)  16 SEP 2019 11:19
entering extended mode
 restricted \write18 enabled.
 %&-line parsing enabled.
**general.tex
(./general.tex
LaTeX2e <2018-12-01>
! Undefined control sequence.
l.1 \section
            {–û–±—â–∞—è —Ç–æ–ø–æ–ª–æ–≥–∏—è}
The control sequence at the end of the top line
of your error message was never \def'ed. If you have
misspelled it (e.g., `\hobx'), type `I' and the correct
spelling (e.g., `I\hbox'). Otherwise just continue,
and I'll forget about whatever was undefined.


! Package inputenc Error: Unicode character –û (U+041E)
(inputenc)                not set up for use with LaTeX.

See the inputenc package documentation for explanation.
Type  H <return>  for immediate help.
 ...                                              
                                                  
l.1 \section{–û
               –±—â–∞—è —Ç–æ–ø–æ–ª–æ–≥–∏—è}
You may provide a definition with
\DeclareUnicodeCharacter 


! Package inputenc Error: Unicode character –± (U+0431)
(inputenc)                not set up for use with LaTeX.

See the inputenc package documentation for explanation.
Type  H <return>  for immediate help.
 ...                                              
                                                  
l.1 \section{–û–±
                 —â–∞—è —Ç–æ–ø–æ–ª–æ–≥–∏—è}
You may provide a definition with
\DeclareUnicodeCharacter 


! Package inputenc Error: Unicode character —â (U+0449)
(inputenc)                not set up for use with LaTeX.

See the inputenc package documentation for explanation.
Type  H <return>  for immediate help.
 ...                                              
                                                  
l.1 \section{–û–±—â
                   –∞—è —Ç–æ–ø–æ–ª–æ–≥–∏—è}
You may provide a definition with
\DeclareUnicodeCharacter 


! Package inputenc Error: Unicode character –∞ (U+0430)
(inputenc)                not set up for use with LaTeX.

See the inputenc package documentation for explanation.
Type  H <return>  for immediate help.
 ...                                              
                                                  
l.1 \section{–û–±—â–∞
                     —è —Ç–æ–ø–æ–ª–æ–≥–∏—è}
You may provide a definition with
\DeclareUnicodeCharacter 


! Package inputenc Error: Unicode character —è (U+044F)
(inputenc)                not set up for use with LaTeX.

See the inputenc package documentation for explanation.
Type  H <return>  for immediate help.
 ...                                              
                                                  
l.1 \section{–û–±—â–∞—è
                        —Ç–æ–ø–æ–ª–æ–≥–∏—è}
You may provide a definition with
\DeclareUnicodeCharacter 


! Package inputenc Error: Unicode character —Ç (U+0442)
(inputenc)                not set up for use with LaTeX.

See the inputenc package documentation for explanation.
Type  H <return>  for immediate help.
 ...                                              
                                                  
l.1 \section{–û–±—â–∞—è —Ç
                          –æ–ø–æ–ª–æ–≥–∏—è}
You may provide a definition with
\DeclareUnicodeCharacter 


! Package inputenc Error: Unicode character –æ (U+043E)
(inputenc)                not set up for use with LaTeX.

See the inputenc package documentation for explanation.
Type  H <return>  for immediate help.
 ...                                              
                                                  
l.1 \section{–û–±—â–∞—è —Ç–æ
                            –ø–æ–ª–æ–≥–∏—è}
You may provide a definition with
\DeclareUnicodeCharacter 


! Package inputenc Error: Unicode character –ø (U+043F)
(inputenc)                not set up for use with LaTeX.

See the inputenc package documentation for explanation.
Type  H <return>  for immediate help.
 ...                                              
                                                  
l.1 \section{–û–±—â–∞—è —Ç–æ–ø
                              –æ–ª–æ–≥–∏—è}
You may provide a definition with
\DeclareUnicodeCharacter 


! Package inputenc Error: Unicode character –æ (U+043E)
(inputenc)                not set up for use with LaTeX.

See the inputenc package documentation for explanation.
Type  H <return>  for immediate help.
 ...                                              
                                                  
l.1 \section{–û–±—â–∞—è —Ç–æ–ø–æ
                                –ª–æ–≥–∏—è}
You may provide a definition with
\DeclareUnicodeCharacter 


! Package inputenc Error: Unicode character –ª (U+043B)
(inputenc)                not set up for use with LaTeX.

See the inputenc package documentation for explanation.
Type  H <return>  for immediate help.
 ...                                              
                                                  
l.1 \section{–û–±—â–∞—è —Ç–æ–ø–æ–ª
                                  –æ–≥–∏—è}
You may provide a definition with
\DeclareUnicodeCharacter 


! Package inputenc Error: Unicode character –æ (U+043E)
(inputenc)                not set up for use with LaTeX.

See the inputenc package documentation for explanation.
Type  H <return>  for immediate help.
 ...                                              
                                                  
l.1 \section{–û–±—â–∞—è —Ç–æ–ø–æ–ª–æ
                                    –≥–∏—è}
You may provide a definition with
\DeclareUnicodeCharacter 


! Package inputenc Error: Unicode character –≥ (U+0433)
(inputenc)                not set up for use with LaTeX.

See the inputenc package documentation for explanation.
Type  H <return>  for immediate help.
 ...                                              
                                                  
l.1 \section{–û–±—â–∞—è —Ç–æ–ø–æ–ª–æ–≥
                                      –∏—è}
You may provide a definition with
\DeclareUnicodeCharacter 


! Package inputenc Error: Unicode character –∏ (U+0438)
(inputenc)                not set up for use with LaTeX.

See the inputenc package documentation for explanation.
Type  H <return>  for immediate help.
 ...                                              
                                                  
l.1 \section{–û–±—â–∞—è —Ç–æ–ø–æ–ª–æ–≥–∏
                                        —è}
You may provide a definition with
\DeclareUnicodeCharacter 


! Package inputenc Error: Unicode character —è (U+044F)
(inputenc)                not set up for use with LaTeX.

See the inputenc package documentation for explanation.
Type  H <return>  for immediate help.
 ...                                              
                                                  
l.1 \section{–û–±—â–∞—è —Ç–æ–ø–æ–ª–æ–≥–∏—è
                                          }
You may provide a definition with
\DeclareUnicodeCharacter 


! Package inputenc Error: Unicode character –ï (U+0415)
(inputenc)                not set up for use with LaTeX.

See the inputenc package documentation for explanation.
Type  H <return>  for immediate help.
 ...                                              
                                                  
l.2 –ï
      —Å–ª–∏ –≤—ã –∑–∞—Ö–æ—Ç–∏—Ç–µ –∏–∑—É—á–∏—Ç—å \textit{–Ω–µ–ø—Ä–µ—Ä—ã–≤–Ω...

You may provide a definition with
\DeclareUnicodeCharacter 


! Package inputenc Error: Unicode character —Å (U+0441)
(inputenc)                not set up for use with LaTeX.

See the inputenc package documentation for explanation.
Type  H <return>  for immediate help.
 ...                                              
                                                  
l.2 –ï—Å
        –ª–∏ –≤—ã –∑–∞—Ö–æ—Ç–∏—Ç–µ –∏–∑—É—á–∏—Ç—å \textit{–Ω–µ–ø—Ä–µ—Ä—ã–≤–Ω...

You may provide a definition with
\DeclareUnicodeCharacter 


! Package inputenc Error: Unicode character –ª (U+043B)
(inputenc)                not set up for use with LaTeX.

See the inputenc package documentation for explanation.
Type  H <return>  for immediate help.
 ...                                              
                                                  
l.2 –ï—Å–ª
          –∏ –≤—ã –∑–∞—Ö–æ—Ç–∏—Ç–µ –∏–∑—É—á–∏—Ç—å \textit{–Ω–µ–ø—Ä–µ—Ä—ã–≤–Ω...

You may provide a definition with
\DeclareUnicodeCharacter 


! Package inputenc Error: Unicode character –∏ (U+0438)
(inputenc)                not set up for use with LaTeX.

See the inputenc package documentation for explanation.
Type  H <return>  for immediate help.
 ...                                              
                                                  
l.2 –ï—Å–ª–∏
             –≤—ã –∑–∞—Ö–æ—Ç–∏—Ç–µ –∏–∑—É—á–∏—Ç—å \textit{–Ω–µ–ø—Ä–µ—Ä—ã–≤–Ω...

You may provide a definition with
\DeclareUnicodeCharacter 


! Package inputenc Error: Unicode character –≤ (U+0432)
(inputenc)                not set up for use with LaTeX.

See the inputenc package documentation for explanation.
Type  H <return>  for immediate help.
 ...                                              
                                                  
l.2 –ï—Å–ª–∏ –≤
               —ã –∑–∞—Ö–æ—Ç–∏—Ç–µ –∏–∑—É—á–∏—Ç—å \textit{–Ω–µ–ø—Ä–µ—Ä—ã–≤–Ω...

You may provide a definition with
\DeclareUnicodeCharacter 


! Package inputenc Error: Unicode character —ã (U+044B)
(inputenc)                not set up for use with LaTeX.

See the inputenc package documentation for explanation.
Type  H <return>  for immediate help.
 ...                                              
                                                  
l.2 –ï—Å–ª–∏ –≤—ã
                  –∑–∞—Ö–æ—Ç–∏—Ç–µ –∏–∑—É—á–∏—Ç—å \textit{–Ω–µ–ø—Ä–µ—Ä—ã–≤–Ω...

You may provide a definition with
\DeclareUnicodeCharacter 


! Package inputenc Error: Unicode character –∑ (U+0437)
(inputenc)                not set up for use with LaTeX.

See the inputenc package documentation for explanation.
Type  H <return>  for immediate help.
 ...                                              
                                                  
l.2 –ï—Å–ª–∏ –≤—ã –∑
                    –∞—Ö–æ—Ç–∏—Ç–µ –∏–∑—É—á–∏—Ç—å \textit{–Ω–µ–ø—Ä–µ—Ä—ã–≤–Ω...

You may provide a definition with
\DeclareUnicodeCharacter 


! Package inputenc Error: Unicode character –∞ (U+0430)
(inputenc)                not set up for use with LaTeX.

See the inputenc package documentation for explanation.
Type  H <return>  for immediate help.
 ...                                              
                                                  
l.2 –ï—Å–ª–∏ –≤—ã –∑–∞
                      —Ö–æ—Ç–∏—Ç–µ –∏–∑—É—á–∏—Ç—å \textit{–Ω–µ–ø—Ä–µ—Ä—ã–≤–Ω...

You may provide a definition with
\DeclareUnicodeCharacter 


! Package inputenc Error: Unicode character —Ö (U+0445)
(inputenc)                not set up for use with LaTeX.

See the inputenc package documentation for explanation.
Type  H <return>  for immediate help.
 ...                                              
                                                  
l.2 –ï—Å–ª–∏ –≤—ã –∑–∞—Ö
                        –æ—Ç–∏—Ç–µ –∏–∑—É—á–∏—Ç—å \textit{–Ω–µ–ø—Ä–µ—Ä—ã–≤–Ω...

You may provide a definition with
\DeclareUnicodeCharacter 


! Package inputenc Error: Unicode character –æ (U+043E)
(inputenc)                not set up for use with LaTeX.

See the inputenc package documentation for explanation.
Type  H <return>  for immediate help.
 ...                                              
                                                  
l.2 –ï—Å–ª–∏ –≤—ã –∑–∞—Ö–æ
                          —Ç–∏—Ç–µ –∏–∑—É—á–∏—Ç—å \textit{–Ω–µ–ø—Ä–µ—Ä—ã–≤–Ω...

You may provide a definition with
\DeclareUnicodeCharacter 


! Package inputenc Error: Unicode character —Ç (U+0442)
(inputenc)                not set up for use with LaTeX.

See the inputenc package documentation for explanation.
Type  H <return>  for immediate help.
 ...                                              
                                                  
l.2 –ï—Å–ª–∏ –≤—ã –∑–∞—Ö–æ—Ç
                            –∏—Ç–µ –∏–∑—É—á–∏—Ç—å \textit{–Ω–µ–ø—Ä–µ—Ä—ã–≤–Ω...

You may provide a definition with
\DeclareUnicodeCharacter 


! Package inputenc Error: Unicode character –∏ (U+0438)
(inputenc)                not set up for use with LaTeX.

See the inputenc package documentation for explanation.
Type  H <return>  for immediate help.
 ...                                              
                                                  
l.2 –ï—Å–ª–∏ –≤—ã –∑–∞—Ö–æ—Ç–∏
                              —Ç–µ –∏–∑—É—á–∏—Ç—å \textit{–Ω–µ–ø—Ä–µ—Ä—ã–≤–Ω...

You may provide a definition with
\DeclareUnicodeCharacter 


! Package inputenc Error: Unicode character —Ç (U+0442)
(inputenc)                not set up for use with LaTeX.

See the inputenc package documentation for explanation.
Type  H <return>  for immediate help.
 ...                                              
                                                  
l.2 –ï—Å–ª–∏ –≤—ã –∑–∞—Ö–æ—Ç–∏—Ç
                                –µ –∏–∑—É—á–∏—Ç—å \textit{–Ω–µ–ø—Ä–µ—Ä—ã–≤–Ω...

You may provide a definition with
\DeclareUnicodeCharacter 


! Package inputenc Error: Unicode character –µ (U+0435)
(inputenc)                not set up for use with LaTeX.

See the inputenc package documentation for explanation.
Type  H <return>  for immediate help.
 ...                                              
                                                  
l.2 –ï—Å–ª–∏ –≤—ã –∑–∞—Ö–æ—Ç–∏—Ç–µ
                                   –∏–∑—É—á–∏—Ç—å \textit{–Ω–µ–ø—Ä–µ—Ä—ã–≤–Ω...

You may provide a definition with
\DeclareUnicodeCharacter 


! Package inputenc Error: Unicode character –∏ (U+0438)
(inputenc)                not set up for use with LaTeX.

See the inputenc package documentation for explanation.
Type  H <return>  for immediate help.
 ...                                              
                                                  
l.2 –ï—Å–ª–∏ –≤—ã –∑–∞—Ö–æ—Ç–∏—Ç–µ –∏
                                     –∑—É—á–∏—Ç—å \textit{–Ω–µ–ø—Ä–µ—Ä—ã–≤–Ω...

You may provide a definition with
\DeclareUnicodeCharacter 


! Package inputenc Error: Unicode character –∑ (U+0437)
(inputenc)                not set up for use with LaTeX.

See the inputenc package documentation for explanation.
Type  H <return>  for immediate help.
 ...                                              
                                                  
l.2 –ï—Å–ª–∏ –≤—ã –∑–∞—Ö–æ—Ç–∏—Ç–µ –∏–∑
                                       —É—á–∏—Ç—å \textit{–Ω–µ–ø—Ä–µ—Ä—ã–≤–Ω...

You may provide a definition with
\DeclareUnicodeCharacter 


! Package inputenc Error: Unicode character —É (U+0443)
(inputenc)                not set up for use with LaTeX.

See the inputenc package documentation for explanation.
Type  H <return>  for immediate help.
 ...                                              
                                                  
l.2 –ï—Å–ª–∏ –≤—ã –∑–∞—Ö–æ—Ç–∏—Ç–µ –∏–∑—É
                                         —á–∏—Ç—å \textit{–Ω–µ–ø—Ä–µ—Ä—ã–≤–Ω...

You may provide a definition with
\DeclareUnicodeCharacter 


! Package inputenc Error: Unicode character —á (U+0447)
(inputenc)                not set up for use with LaTeX.

See the inputenc package documentation for explanation.
Type  H <return>  for immediate help.
 ...                                              
                                                  
l.2 –ï—Å–ª–∏ –≤—ã –∑–∞—Ö–æ—Ç–∏—Ç–µ –∏–∑—É—á
                                           –∏—Ç—å \textit{–Ω–µ–ø—Ä–µ—Ä—ã–≤–Ω...

You may provide a definition with
\DeclareUnicodeCharacter 


! Package inputenc Error: Unicode character –∏ (U+0438)
(inputenc)                not set up for use with LaTeX.

See the inputenc package documentation for explanation.
Type  H <return>  for immediate help.
 ...                                              
                                                  
l.2 –ï—Å–ª–∏ –≤—ã –∑–∞—Ö–æ—Ç–∏—Ç–µ –∏–∑—É—á–∏
                                             —Ç—å \textit{–Ω–µ–ø—Ä–µ—Ä—ã–≤–Ω...

You may provide a definition with
\DeclareUnicodeCharacter 


! Package inputenc Error: Unicode character —Ç (U+0442)
(inputenc)                not set up for use with LaTeX.

See the inputenc package documentation for explanation.
Type  H <return>  for immediate help.
 ...                                              
                                                  
l.2 –ï—Å–ª–∏ –≤—ã –∑–∞—Ö–æ—Ç–∏—Ç–µ –∏–∑—É—á–∏—Ç
                                               —å \textit{–Ω–µ–ø—Ä–µ—Ä—ã–≤–Ω...

You may provide a definition with
\DeclareUnicodeCharacter 


! Package inputenc Error: Unicode character —å (U+044C)
(inputenc)                not set up for use with LaTeX.

See the inputenc package documentation for explanation.
Type  H <return>  for immediate help.
 ...                                              
                                                  
l.2 –ï—Å–ª–∏ –≤—ã –∑–∞—Ö–æ—Ç–∏—Ç–µ –∏–∑—É—á–∏—Ç—å
                                                  \textit{–Ω–µ–ø—Ä–µ—Ä—ã–≤–Ω...

You may provide a definition with
\DeclareUnicodeCharacter 


! LaTeX Error: Missing \begin{document}.

See the LaTeX manual or LaTeX Companion for explanation.
Type  H <return>  for immediate help.
 ...                                              
                                                  
l.2 ...á–∏—Ç—å \textit{–Ω–µ–ø—Ä–µ—Ä—ã–≤–Ω–æ—Å—Ç—å}
                                                   –≤ —Å–∞–º–æ–º –æ–±—â–µ–º ...

You're in trouble here.  Try typing  <return>  to proceed.
If that doesn't work, type  X <return>  to quit.


! Package inputenc Error: Unicode character –Ω (U+043D)
(inputenc)                not set up for use with LaTeX.

See the inputenc package documentation for explanation.
Type  H <return>  for immediate help.
 ...                                              
                                                  
l.2 ...á–∏—Ç—å \textit{–Ω–µ–ø—Ä–µ—Ä—ã–≤–Ω–æ—Å—Ç—å}
                                                   –≤ —Å–∞–º–æ–º –æ–±—â–µ–º ...

You may provide a definition with
\DeclareUnicodeCharacter 


! Package inputenc Error: Unicode character –µ (U+0435)
(inputenc)                not set up for use with LaTeX.

See the inputenc package documentation for explanation.
Type  H <return>  for immediate help.
 ...                                              
                                                  
l.2 ...á–∏—Ç—å \textit{–Ω–µ–ø—Ä–µ—Ä—ã–≤–Ω–æ—Å—Ç—å}
                                                   –≤ —Å–∞–º–æ–º –æ–±—â–µ–º ...

You may provide a definition with
\DeclareUnicodeCharacter 


! Package inputenc Error: Unicode character –ø (U+043F)
(inputenc)                not set up for use with LaTeX.

See the inputenc package documentation for explanation.
Type  H <return>  for immediate help.
 ...                                              
                                                  
l.2 ...á–∏—Ç—å \textit{–Ω–µ–ø—Ä–µ—Ä—ã–≤–Ω–æ—Å—Ç—å}
                                                   –≤ —Å–∞–º–æ–º –æ–±—â–µ–º ...

You may provide a definition with
\DeclareUnicodeCharacter 


! Package inputenc Error: Unicode character —Ä (U+0440)
(inputenc)                not set up for use with LaTeX.

See the inputenc package documentation for explanation.
Type  H <return>  for immediate help.
 ...                                              
                                                  
l.2 ...á–∏—Ç—å \textit{–Ω–µ–ø—Ä–µ—Ä—ã–≤–Ω–æ—Å—Ç—å}
                                                   –≤ —Å–∞–º–æ–º –æ–±—â–µ–º ...

You may provide a definition with
\DeclareUnicodeCharacter 


! Package inputenc Error: Unicode character –µ (U+0435)
(inputenc)                not set up for use with LaTeX.

See the inputenc package documentation for explanation.
Type  H <return>  for immediate help.
 ...                                              
                                                  
l.2 ...á–∏—Ç—å \textit{–Ω–µ–ø—Ä–µ—Ä—ã–≤–Ω–æ—Å—Ç—å}
                                                   –≤ —Å–∞–º–æ–º –æ–±—â–µ–º ...

You may provide a definition with
\DeclareUnicodeCharacter 


! Package inputenc Error: Unicode character —Ä (U+0440)
(inputenc)                not set up for use with LaTeX.

See the inputenc package documentation for explanation.
Type  H <return>  for immediate help.
 ...                                              
                                                  
l.2 ...á–∏—Ç—å \textit{–Ω–µ–ø—Ä–µ—Ä—ã–≤–Ω–æ—Å—Ç—å}
                                                   –≤ —Å–∞–º–æ–º –æ–±—â–µ–º ...

You may provide a definition with
\DeclareUnicodeCharacter 


! Package inputenc Error: Unicode character —ã (U+044B)
(inputenc)                not set up for use with LaTeX.

See the inputenc package documentation for explanation.
Type  H <return>  for immediate help.
 ...                                              
                                                  
l.2 ...á–∏—Ç—å \textit{–Ω–µ–ø—Ä–µ—Ä—ã–≤–Ω–æ—Å—Ç—å}
                                                   –≤ —Å–∞–º–æ–º –æ–±—â–µ–º ...

You may provide a definition with
\DeclareUnicodeCharacter 


! Package inputenc Error: Unicode character –≤ (U+0432)
(inputenc)                not set up for use with LaTeX.

See the inputenc package documentation for explanation.
Type  H <return>  for immediate help.
 ...                                              
                                                  
l.2 ...á–∏—Ç—å \textit{–Ω–µ–ø—Ä–µ—Ä—ã–≤–Ω–æ—Å—Ç—å}
                                                   –≤ —Å–∞–º–æ–º –æ–±—â–µ–º ...

You may provide a definition with
\DeclareUnicodeCharacter 


! Package inputenc Error: Unicode character –Ω (U+043D)
(inputenc)                not set up for use with LaTeX.

See the inputenc package documentation for explanation.
Type  H <return>  for immediate help.
 ...                                              
                                                  
l.2 ...á–∏—Ç—å \textit{–Ω–µ–ø—Ä–µ—Ä—ã–≤–Ω–æ—Å—Ç—å}
                                                   –≤ —Å–∞–º–æ–º –æ–±—â–µ–º ...

You may provide a definition with
\DeclareUnicodeCharacter 


! Package inputenc Error: Unicode character –æ (U+043E)
(inputenc)                not set up for use with LaTeX.

See the inputenc package documentation for explanation.
Type  H <return>  for immediate help.
 ...                                              
                                                  
l.2 ...á–∏—Ç—å \textit{–Ω–µ–ø—Ä–µ—Ä—ã–≤–Ω–æ—Å—Ç—å}
                                                   –≤ —Å–∞–º–æ–º –æ–±—â–µ–º ...

You may provide a definition with
\DeclareUnicodeCharacter 


! Package inputenc Error: Unicode character —Å (U+0441)
(inputenc)                not set up for use with LaTeX.

See the inputenc package documentation for explanation.
Type  H <return>  for immediate help.
 ...                                              
                                                  
l.2 ...á–∏—Ç—å \textit{–Ω–µ–ø—Ä–µ—Ä—ã–≤–Ω–æ—Å—Ç—å}
                                                   –≤ —Å–∞–º–æ–º –æ–±—â–µ–º ...

You may provide a definition with
\DeclareUnicodeCharacter 


! Package inputenc Error: Unicode character —Ç (U+0442)
(inputenc)                not set up for use with LaTeX.

See the inputenc package documentation for explanation.
Type  H <return>  for immediate help.
 ...                                              
                                                  
l.2 ...á–∏—Ç—å \textit{–Ω–µ–ø—Ä–µ—Ä—ã–≤–Ω–æ—Å—Ç—å}
                                                   –≤ —Å–∞–º–æ–º –æ–±—â–µ–º ...

You may provide a definition with
\DeclareUnicodeCharacter 


! Package inputenc Error: Unicode character —å (U+044C)
(inputenc)                not set up for use with LaTeX.

See the inputenc package documentation for explanation.
Type  H <return>  for immediate help.
 ...                                              
                                                  
l.2 ...á–∏—Ç—å \textit{–Ω–µ–ø—Ä–µ—Ä—ã–≤–Ω–æ—Å—Ç—å}
                                                   –≤ —Å–∞–º–æ–º –æ–±—â–µ–º ...

You may provide a definition with
\DeclareUnicodeCharacter 


! Package inputenc Error: Unicode character –≤ (U+0432)
(inputenc)                not set up for use with LaTeX.

See the inputenc package documentation for explanation.
Type  H <return>  for immediate help.
 ...                                              
                                                  
l.2 ...—Ç—å \textit{–Ω–µ–ø—Ä–µ—Ä—ã–≤–Ω–æ—Å—Ç—å} –≤
                                                   —Å–∞–º–æ–º –æ–±—â–µ–º —Å–...

You may provide a definition with
\DeclareUnicodeCharacter 


! Package inputenc Error: Unicode character —Å (U+0441)
(inputenc)                not set up for use with LaTeX.

See the inputenc package documentation for explanation.
Type  H <return>  for immediate help.
 ...                                              
                                                  
l.2 ...å \textit{–Ω–µ–ø—Ä–µ—Ä—ã–≤–Ω–æ—Å—Ç—å} –≤ —Å
                                                  –∞–º–æ–º –æ–±—â–µ–º —Å–ª—É...

You may provide a definition with
\DeclareUnicodeCharacter 


! Package inputenc Error: Unicode character –∞ (U+0430)
(inputenc)                not set up for use with LaTeX.

See the inputenc package documentation for explanation.
Type  H <return>  for immediate help.
 ...                                              
                                                  
l.2 ...\textit{–Ω–µ–ø—Ä–µ—Ä—ã–≤–Ω–æ—Å—Ç—å} –≤ —Å–∞
                                                  –º–æ–º –æ–±—â–µ–º —Å–ª—É—á...

You may provide a definition with
\DeclareUnicodeCharacter 


! Package inputenc Error: Unicode character –º (U+043C)
(inputenc)                not set up for use with LaTeX.

See the inputenc package documentation for explanation.
Type  H <return>  for immediate help.
 ...                                              
                                                  
l.2 ...extit{–Ω–µ–ø—Ä–µ—Ä—ã–≤–Ω–æ—Å—Ç—å} –≤ —Å–∞–º
                                                  –æ–º –æ–±—â–µ–º —Å–ª—É—á–∞...

You may provide a definition with
\DeclareUnicodeCharacter 


! Package inputenc Error: Unicode character –æ (U+043E)
(inputenc)                not set up for use with LaTeX.

See the inputenc package documentation for explanation.
Type  H <return>  for immediate help.
 ...                                              
                                                  
l.2 ...tit{–Ω–µ–ø—Ä–µ—Ä—ã–≤–Ω–æ—Å—Ç—å} –≤ —Å–∞–º–æ
                                                  –º –æ–±—â–µ–º —Å–ª—É—á–∞–µ...

You may provide a definition with
\DeclareUnicodeCharacter 


! Package inputenc Error: Unicode character –º (U+043C)
(inputenc)                not set up for use with LaTeX.

See the inputenc package documentation for explanation.
Type  H <return>  for immediate help.
 ...                                              
                                                  
l.2 ...t{–Ω–µ–ø—Ä–µ—Ä—ã–≤–Ω–æ—Å—Ç—å} –≤ —Å–∞–º–æ–º
                                                   –æ–±—â–µ–º —Å–ª—É—á–∞–µ, ...

You may provide a definition with
\DeclareUnicodeCharacter 


! Package inputenc Error: Unicode character –æ (U+043E)
(inputenc)                not set up for use with LaTeX.

See the inputenc package documentation for explanation.
Type  H <return>  for immediate help.
 ...                                              
                                                  
l.2 ...Ω–µ–ø—Ä–µ—Ä—ã–≤–Ω–æ—Å—Ç—å} –≤ —Å–∞–º–æ–º –æ
                                                  –±—â–µ–º —Å–ª—É—á–∞–µ, –≤—...

You may provide a definition with
\DeclareUnicodeCharacter 


! Package inputenc Error: Unicode character –± (U+0431)
(inputenc)                not set up for use with LaTeX.

See the inputenc package documentation for explanation.
Type  H <return>  for immediate help.
 ...                                              
                                                  
l.2 ...µ–ø—Ä–µ—Ä—ã–≤–Ω–æ—Å—Ç—å} –≤ —Å–∞–º–æ–º –æ–±
                                                  —â–µ–º —Å–ª—É—á–∞–µ, –≤—ã ...

You may provide a definition with
\DeclareUnicodeCharacter 


! Package inputenc Error: Unicode character —â (U+0449)
(inputenc)                not set up for use with LaTeX.

See the inputenc package documentation for explanation.
Type  H <return>  for immediate help.
 ...                                              
                                                  
l.2 ...ø—Ä–µ—Ä—ã–≤–Ω–æ—Å—Ç—å} –≤ —Å–∞–º–æ–º –æ–±—â
                                                  –µ–º —Å–ª—É—á–∞–µ, –≤—ã –ø...

You may provide a definition with
\DeclareUnicodeCharacter 


! Package inputenc Error: Unicode character –µ (U+0435)
(inputenc)                not set up for use with LaTeX.

See the inputenc package documentation for explanation.
Type  H <return>  for immediate help.
 ...                                              
                                                  
l.2 ...Ä–µ—Ä—ã–≤–Ω–æ—Å—Ç—å} –≤ —Å–∞–º–æ–º –æ–±—â–µ
                                                  –º —Å–ª—É—á–∞–µ, –≤—ã –ø—Ä...

You may provide a definition with
\DeclareUnicodeCharacter 


! Package inputenc Error: Unicode character –º (U+043C)
(inputenc)                not set up for use with LaTeX.

See the inputenc package documentation for explanation.
Type  H <return>  for immediate help.
 ...                                              
                                                  
l.2 ...µ—Ä—ã–≤–Ω–æ—Å—Ç—å} –≤ —Å–∞–º–æ–º –æ–±—â–µ–º
                                                   —Å–ª—É—á–∞–µ, –≤—ã –ø—Ä–∏...

You may provide a definition with
\DeclareUnicodeCharacter 


! Package inputenc Error: Unicode character —Å (U+0441)
(inputenc)                not set up for use with LaTeX.

See the inputenc package documentation for explanation.
Type  H <return>  for immediate help.
 ...                                              
                                                  
l.2 ...—ã–≤–Ω–æ—Å—Ç—å} –≤ —Å–∞–º–æ–º –æ–±—â–µ–º —Å
                                                  –ª—É—á–∞–µ, –≤—ã –ø—Ä–∏–¥—...

You may provide a definition with
\DeclareUnicodeCharacter 


! Package inputenc Error: Unicode character –ª (U+043B)
(inputenc)                not set up for use with LaTeX.

See the inputenc package documentation for explanation.
Type  H <return>  for immediate help.
 ...                                              
                                                  
l.2 ...–≤–Ω–æ—Å—Ç—å} –≤ —Å–∞–º–æ–º –æ–±—â–µ–º —Å–ª
                                                  —É—á–∞–µ, –≤—ã –ø—Ä–∏–¥—ë—...

You may provide a definition with
\DeclareUnicodeCharacter 


! Package inputenc Error: Unicode character —É (U+0443)
(inputenc)                not set up for use with LaTeX.

See the inputenc package documentation for explanation.
Type  H <return>  for immediate help.
 ...                                              
                                                  
l.2 ...–Ω–æ—Å—Ç—å} –≤ —Å–∞–º–æ–º –æ–±—â–µ–º —Å–ª—É
                                                  —á–∞–µ, –≤—ã –ø—Ä–∏–¥—ë—Ç–...

You may provide a definition with
\DeclareUnicodeCharacter 


! Package inputenc Error: Unicode character —á (U+0447)
(inputenc)                not set up for use with LaTeX.

See the inputenc package documentation for explanation.
Type  H <return>  for immediate help.
 ...                                              
                                                  
l.2 ...–æ—Å—Ç—å} –≤ —Å–∞–º–æ–º –æ–±—â–µ–º —Å–ª—É—á
                                                  –∞–µ, –≤—ã –ø—Ä–∏–¥—ë—Ç–µ ...

You may provide a definition with
\DeclareUnicodeCharacter 


! Package inputenc Error: Unicode character –∞ (U+0430)
(inputenc)                not set up for use with LaTeX.

See the inputenc package documentation for explanation.
Type  H <return>  for immediate help.
 ...                                              
                                                  
l.2 ...—Å—Ç—å} –≤ —Å–∞–º–æ–º –æ–±—â–µ–º —Å–ª—É—á–∞
                                                  –µ, –≤—ã –ø—Ä–∏–¥—ë—Ç–µ –∫...

You may provide a definition with
\DeclareUnicodeCharacter 


! Package inputenc Error: Unicode character –µ (U+0435)
(inputenc)                not set up for use with LaTeX.

See the inputenc package documentation for explanation.
Type  H <return>  for immediate help.
 ...                                              
                                                  
l.2 ...—Ç—å} –≤ —Å–∞–º–æ–º –æ–±—â–µ–º —Å–ª—É—á–∞–µ
                                                  , –≤—ã –ø—Ä–∏–¥—ë—Ç–µ –∫ –...

You may provide a definition with
\DeclareUnicodeCharacter 

Missing character: There is no , in font nullfont!

! Package inputenc Error: Unicode character –≤ (U+0432)
(inputenc)                not set up for use with LaTeX.

See the inputenc package documentation for explanation.
Type  H <return>  for immediate help.
 ...                                              
                                                  
l.2 ...} –≤ —Å–∞–º–æ–º –æ–±—â–µ–º —Å–ª—É—á–∞–µ, –≤
                                                  —ã –ø—Ä–∏–¥—ë—Ç–µ –∫ –ø–æ–...

You may provide a definition with
\DeclareUnicodeCharacter 


! Package inputenc Error: Unicode character —ã (U+044B)
(inputenc)                not set up for use with LaTeX.

See the inputenc package documentation for explanation.
Type  H <return>  for immediate help.
 ...                                              
                                                  
l.2 ...–≤ —Å–∞–º–æ–º –æ–±—â–µ–º —Å–ª—É—á–∞–µ, –≤—ã
                                                   –ø—Ä–∏–¥—ë—Ç–µ –∫ –ø–æ–Ω—...

You may provide a definition with
\DeclareUnicodeCharacter 


! Package inputenc Error: Unicode character –ø (U+043F)
(inputenc)                not set up for use with LaTeX.

See the inputenc package documentation for explanation.
Type  H <return>  for immediate help.
 ...                                              
                                                  
l.2 ...—Å–∞–º–æ–º –æ–±—â–µ–º —Å–ª—É—á–∞–µ, –≤—ã –ø
                                                  —Ä–∏–¥—ë—Ç–µ –∫ –ø–æ–Ω—è—Ç...

You may provide a definition with
\DeclareUnicodeCharacter 


! Package inputenc Error: Unicode character —Ä (U+0440)
(inputenc)                not set up for use with LaTeX.

See the inputenc package documentation for explanation.
Type  H <return>  for immediate help.
 ...                                              
                                                  
l.2 ...–∞–º–æ–º –æ–±—â–µ–º —Å–ª—É—á–∞–µ, –≤—ã –ø—Ä
                                                  –∏–¥—ë—Ç–µ –∫ –ø–æ–Ω—è—Ç–∏...

You may provide a definition with
\DeclareUnicodeCharacter 


! Package inputenc Error: Unicode character –∏ (U+0438)
(inputenc)                not set up for use with LaTeX.

See the inputenc package documentation for explanation.
Type  H <return>  for immediate help.
 ...                                              
                                                  
l.2 ...–º–æ–º –æ–±—â–µ–º —Å–ª—É—á–∞–µ, –≤—ã –ø—Ä–∏
                                                  –¥—ë—Ç–µ –∫ –ø–æ–Ω—è—Ç–∏—è...

You may provide a definition with
\DeclareUnicodeCharacter 


! Package inputenc Error: Unicode character –¥ (U+0434)
(inputenc)                not set up for use with LaTeX.

See the inputenc package documentation for explanation.
Type  H <return>  for immediate help.
 ...                                              
                                                  
l.2 ...–æ–º –æ–±—â–µ–º —Å–ª—É—á–∞–µ, –≤—ã –ø—Ä–∏–¥
                                                  —ë—Ç–µ –∫ –ø–æ–Ω—è—Ç–∏—è–º...

You may provide a definition with
\DeclareUnicodeCharacter 


! Package inputenc Error: Unicode character —ë (U+0451)
(inputenc)                not set up for use with LaTeX.

See the inputenc package documentation for explanation.
Type  H <return>  for immediate help.
 ...                                              
                                                  
l.2 ...–º –æ–±—â–µ–º —Å–ª—É—á–∞–µ, –≤—ã –ø—Ä–∏–¥—ë
                                                  —Ç–µ –∫ –ø–æ–Ω—è—Ç–∏—è–º \...

You may provide a definition with
\DeclareUnicodeCharacter 


! Package inputenc Error: Unicode character —Ç (U+0442)
(inputenc)                not set up for use with LaTeX.

See the inputenc package documentation for explanation.
Type  H <return>  for immediate help.
 ...                                              
                                                  
l.2 ... –æ–±—â–µ–º —Å–ª—É—á–∞–µ, –≤—ã –ø—Ä–∏–¥—ë—Ç
                                                  –µ –∫ –ø–æ–Ω—è—Ç–∏—è–º \te...

You may provide a definition with
\DeclareUnicodeCharacter 


! Package inputenc Error: Unicode character –µ (U+0435)
(inputenc)                not set up for use with LaTeX.

See the inputenc package documentation for explanation.
Type  H <return>  for immediate help.
 ...                                              
                                                  
l.2 ...æ–±—â–µ–º —Å–ª—É—á–∞–µ, –≤—ã –ø—Ä–∏–¥—ë—Ç–µ
                                                   –∫ –ø–æ–Ω—è—Ç–∏—è–º \text...

You may provide a definition with
\DeclareUnicodeCharacter 


! Package inputenc Error: Unicode character –∫ (U+043A)
(inputenc)                not set up for use with LaTeX.

See the inputenc package documentation for explanation.
Type  H <return>  for immediate help.
 ...                                              
                                                  
l.2 ...—â–µ–º —Å–ª—É—á–∞–µ, –≤—ã –ø—Ä–∏–¥—ë—Ç–µ –∫
                                                   –ø–æ–Ω—è—Ç–∏—è–º \textit{...

You may provide a definition with
\DeclareUnicodeCharacter 


! Package inputenc Error: Unicode character –ø (U+043F)
(inputenc)                not set up for use with LaTeX.

See the inputenc package documentation for explanation.
Type  H <return>  for immediate help.
 ...                                              
                                                  
l.2 ...µ–º —Å–ª—É—á–∞–µ, –≤—ã –ø—Ä–∏–¥—ë—Ç–µ –∫ –ø
                                                  –æ–Ω—è—Ç–∏—è–º \textit{–æ–...

You may provide a definition with
\DeclareUnicodeCharacter 


! Package inputenc Error: Unicode character –æ (U+043E)
(inputenc)                not set up for use with LaTeX.

See the inputenc package documentation for explanation.
Type  H <return>  for immediate help.
 ...                                              
                                                  
l.2 ...º —Å–ª—É—á–∞–µ, –≤—ã –ø—Ä–∏–¥—ë—Ç–µ –∫ –ø–æ
                                                  –Ω—è—Ç–∏—è–º \textit{–æ–∫—...

You may provide a definition with
\DeclareUnicodeCharacter 


! Package inputenc Error: Unicode character –Ω (U+043D)
(inputenc)                not set up for use with LaTeX.

See the inputenc package documentation for explanation.
Type  H <return>  for immediate help.
 ...                                              
                                                  
l.2 ...—Å–ª—É—á–∞–µ, –≤—ã –ø—Ä–∏–¥—ë—Ç–µ –∫ –ø–æ–Ω
                                                  —è—Ç–∏—è–º \textit{–æ–∫—Ä–...

You may provide a definition with
\DeclareUnicodeCharacter 


! Package inputenc Error: Unicode character —è (U+044F)
(inputenc)                not set up for use with LaTeX.

See the inputenc package documentation for explanation.
Type  H <return>  for immediate help.
 ...                                              
                                                  
l.2 ...–ª—É—á–∞–µ, –≤—ã –ø—Ä–∏–¥—ë—Ç–µ –∫ –ø–æ–Ω—è
                                                  —Ç–∏—è–º \textit{–æ–∫—Ä–µ—...

You may provide a definition with
\DeclareUnicodeCharacter 


! Package inputenc Error: Unicode character —Ç (U+0442)
(inputenc)                not set up for use with LaTeX.

See the inputenc package documentation for explanation.
Type  H <return>  for immediate help.
 ...                                              
                                                  
l.2 ...—É—á–∞–µ, –≤—ã –ø—Ä–∏–¥—ë—Ç–µ –∫ –ø–æ–Ω—è—Ç
                                                  –∏—è–º \textit{–æ–∫—Ä–µ—Å—...

You may provide a definition with
\DeclareUnicodeCharacter 


! Package inputenc Error: Unicode character –∏ (U+0438)
(inputenc)                not set up for use with LaTeX.

See the inputenc package documentation for explanation.
Type  H <return>  for immediate help.
 ...                                              
                                                  
l.2 ...—á–∞–µ, –≤—ã –ø—Ä–∏–¥—ë—Ç–µ –∫ –ø–æ–Ω—è—Ç–∏
                                                  —è–º \textit{–æ–∫—Ä–µ—Å—Ç–...

You may provide a definition with
\DeclareUnicodeCharacter 


! Package inputenc Error: Unicode character —è (U+044F)
(inputenc)                not set up for use with LaTeX.

See the inputenc package documentation for explanation.
Type  H <return>  for immediate help.
 ...                                              
                                                  
l.2 ...–∞–µ, –≤—ã –ø—Ä–∏–¥—ë—Ç–µ –∫ –ø–æ–Ω—è—Ç–∏—è
                                                  –º \textit{–æ–∫—Ä–µ—Å—Ç–Ω–...

You may provide a definition with
\DeclareUnicodeCharacter 


! Package inputenc Error: Unicode character –º (U+043C)
(inputenc)                not set up for use with LaTeX.

See the inputenc package documentation for explanation.
Type  H <return>  for immediate help.
 ...                                              
                                                  
l.2 ...–µ, –≤—ã –ø—Ä–∏–¥—ë—Ç–µ –∫ –ø–æ–Ω—è—Ç–∏—è–º
                                                   \textit{–æ–∫—Ä–µ—Å—Ç–Ω–æ—...

You may provide a definition with
\DeclareUnicodeCharacter 


! Package inputenc Error: Unicode character –æ (U+043E)
(inputenc)                not set up for use with LaTeX.

See the inputenc package documentation for explanation.
Type  H <return>  for immediate help.
 ...                                              
                                                  
l.2 ...Ω—è—Ç–∏—è–º \textit{–æ–∫—Ä–µ—Å—Ç–Ω–æ—Å—Ç–∏}
                                                  , \textit{—Ç–æ–ø–æ–ª–æ–≥–∏...

You may provide a definition with
\DeclareUnicodeCharacter 


! Package inputenc Error: Unicode character –∫ (U+043A)
(inputenc)                not set up for use with LaTeX.

See the inputenc package documentation for explanation.
Type  H <return>  for immediate help.
 ...                                              
                                                  
l.2 ...Ω—è—Ç–∏—è–º \textit{–æ–∫—Ä–µ—Å—Ç–Ω–æ—Å—Ç–∏}
                                                  , \textit{—Ç–æ–ø–æ–ª–æ–≥–∏...

You may provide a definition with
\DeclareUnicodeCharacter 


! Package inputenc Error: Unicode character —Ä (U+0440)
(inputenc)                not set up for use with LaTeX.

See the inputenc package documentation for explanation.
Type  H <return>  for immediate help.
 ...                                              
                                                  
l.2 ...Ω—è—Ç–∏—è–º \textit{–æ–∫—Ä–µ—Å—Ç–Ω–æ—Å—Ç–∏}
                                                  , \textit{—Ç–æ–ø–æ–ª–æ–≥–∏...

You may provide a definition with
\DeclareUnicodeCharacter 


! Package inputenc Error: Unicode character –µ (U+0435)
(inputenc)                not set up for use with LaTeX.

See the inputenc package documentation for explanation.
Type  H <return>  for immediate help.
 ...                                              
                                                  
l.2 ...Ω—è—Ç–∏—è–º \textit{–æ–∫—Ä–µ—Å—Ç–Ω–æ—Å—Ç–∏}
                                                  , \textit{—Ç–æ–ø–æ–ª–æ–≥–∏...

You may provide a definition with
\DeclareUnicodeCharacter 


! Package inputenc Error: Unicode character —Å (U+0441)
(inputenc)                not set up for use with LaTeX.

See the inputenc package documentation for explanation.
Type  H <return>  for immediate help.
 ...                                              
                                                  
l.2 ...Ω—è—Ç–∏—è–º \textit{–æ–∫—Ä–µ—Å—Ç–Ω–æ—Å—Ç–∏}
                                                  , \textit{—Ç–æ–ø–æ–ª–æ–≥–∏...

You may provide a definition with
\DeclareUnicodeCharacter 


! Package inputenc Error: Unicode character —Ç (U+0442)
(inputenc)                not set up for use with LaTeX.

See the inputenc package documentation for explanation.
Type  H <return>  for immediate help.
 ...                                              
                                                  
l.2 ...Ω—è—Ç–∏—è–º \textit{–æ–∫—Ä–µ—Å—Ç–Ω–æ—Å—Ç–∏}
                                                  , \textit{—Ç–æ–ø–æ–ª–æ–≥–∏...

You may provide a definition with
\DeclareUnicodeCharacter 


! Package inputenc Error: Unicode character –Ω (U+043D)
(inputenc)                not set up for use with LaTeX.

See the inputenc package documentation for explanation.
Type  H <return>  for immediate help.
 ...                                              
                                                  
l.2 ...Ω—è—Ç–∏—è–º \textit{–æ–∫—Ä–µ—Å—Ç–Ω–æ—Å—Ç–∏}
                                                  , \textit{—Ç–æ–ø–æ–ª–æ–≥–∏...

You may provide a definition with
\DeclareUnicodeCharacter 


! Package inputenc Error: Unicode character –æ (U+043E)
(inputenc)                not set up for use with LaTeX.

See the inputenc package documentation for explanation.
Type  H <return>  for immediate help.
 ...                                              
                                                  
l.2 ...Ω—è—Ç–∏—è–º \textit{–æ–∫—Ä–µ—Å—Ç–Ω–æ—Å—Ç–∏}
                                                  , \textit{—Ç–æ–ø–æ–ª–æ–≥–∏...

You may provide a definition with
\DeclareUnicodeCharacter 


! Package inputenc Error: Unicode character —Å (U+0441)
(inputenc)                not set up for use with LaTeX.

See the inputenc package documentation for explanation.
Type  H <return>  for immediate help.
 ...                                              
                                                  
l.2 ...Ω—è—Ç–∏—è–º \textit{–æ–∫—Ä–µ—Å—Ç–Ω–æ—Å—Ç–∏}
                                                  , \textit{—Ç–æ–ø–æ–ª–æ–≥–∏...

You may provide a definition with
\DeclareUnicodeCharacter 


! Package inputenc Error: Unicode character —Ç (U+0442)
(inputenc)                not set up for use with LaTeX.

See the inputenc package documentation for explanation.
Type  H <return>  for immediate help.
 ...                                              
                                                  
l.2 ...Ω—è—Ç–∏—è–º \textit{–æ–∫—Ä–µ—Å—Ç–Ω–æ—Å—Ç–∏}
                                                  , \textit{—Ç–æ–ø–æ–ª–æ–≥–∏...

You may provide a definition with
\DeclareUnicodeCharacter 


! Package inputenc Error: Unicode character –∏ (U+0438)
(inputenc)                not set up for use with LaTeX.

See the inputenc package documentation for explanation.
Type  H <return>  for immediate help.
 ...                                              
                                                  
l.2 ...Ω—è—Ç–∏—è–º \textit{–æ–∫—Ä–µ—Å—Ç–Ω–æ—Å—Ç–∏}
                                                  , \textit{—Ç–æ–ø–æ–ª–æ–≥–∏...

You may provide a definition with
\DeclareUnicodeCharacter 

Missing character: There is no , in font nullfont!

! Package inputenc Error: Unicode character —Ç (U+0442)
(inputenc)                not set up for use with LaTeX.

See the inputenc package documentation for explanation.
Type  H <return>  for immediate help.
 ...                                              
                                                  
l.2 ...Å—Ç–Ω–æ—Å—Ç–∏}, \textit{—Ç–æ–ø–æ–ª–æ–≥–∏–∏}
                                                   –∏ \textit{–Ω–µ–ø—Ä–µ—Ä—ã...

You may provide a definition with
\DeclareUnicodeCharacter 


! Package inputenc Error: Unicode character –æ (U+043E)
(inputenc)                not set up for use with LaTeX.

See the inputenc package documentation for explanation.
Type  H <return>  for immediate help.
 ...                                              
                                                  
l.2 ...Å—Ç–Ω–æ—Å—Ç–∏}, \textit{—Ç–æ–ø–æ–ª–æ–≥–∏–∏}
                                                   –∏ \textit{–Ω–µ–ø—Ä–µ—Ä—ã...

You may provide a definition with
\DeclareUnicodeCharacter 


! Package inputenc Error: Unicode character –ø (U+043F)
(inputenc)                not set up for use with LaTeX.

See the inputenc package documentation for explanation.
Type  H <return>  for immediate help.
 ...                                              
                                                  
l.2 ...Å—Ç–Ω–æ—Å—Ç–∏}, \textit{—Ç–æ–ø–æ–ª–æ–≥–∏–∏}
                                                   –∏ \textit{–Ω–µ–ø—Ä–µ—Ä—ã...

You may provide a definition with
\DeclareUnicodeCharacter 


! Package inputenc Error: Unicode character –æ (U+043E)
(inputenc)                not set up for use with LaTeX.

See the inputenc package documentation for explanation.
Type  H <return>  for immediate help.
 ...                                              
                                                  
l.2 ...Å—Ç–Ω–æ—Å—Ç–∏}, \textit{—Ç–æ–ø–æ–ª–æ–≥–∏–∏}
                                                   –∏ \textit{–Ω–µ–ø—Ä–µ—Ä—ã...
(That makes 100 errors; please try again.) 
Here is how much of TeX's memory you used:
 36 strings out of 492609
 491 string characters out of 6129033
 57820 words of memory out of 5000000
 4055 multiletter control sequences out of 15000+600000
 3986 words of font info for 15 fonts, out of 8000000 for 9000
 1141 hyphenation exceptions out of 8191
 13i,1n,11p,312b,69s stack positions out of 5000i,500n,10000p,200000b,80000s

!  ==> Fatal error occurred, no output PDF file produced!
