This is pdfTeX, Version 3.14159265-2.6-1.40.20 (TeX Live 2019/W32TeX) (preloaded format=pdflatex 2019.8.12)  12 AUG 2019 21:06
entering extended mode
 restricted \write18 enabled.
 %&-line parsing enabled.
**homotopy.tex
(./homotopy.tex
LaTeX2e <2018-12-01>
! Undefined control sequence.
l.1 \section
            {Гомотопическая топология}
? 
! Emergency stop.
l.1 \section
            {Гомотопическая топология}
End of file on the terminal!

 
Here is how much of TeX's memory you used:
 5 strings out of 492609
 138 string characters out of 6132818
 57168 words of memory out of 5000000
 4026 multiletter control sequences out of 15000+600000
 3640 words of font info for 14 fonts, out of 8000000 for 9000
 1141 hyphenation exceptions out of 8191
 5i,0n,1p,72b,8s stack positions out of 5000i,500n,10000p,200000b,80000s
!  ==> Fatal error occurred, no output PDF file produced!
